[2020-01-14 21:03:22] local.ERROR: GuzzleHttp\Exception\ClientException: Client error: `GET http://localhost:8001/billings1` resulted in a `404 Not Found` response:
{"error":"Not Found","code":404}
 in C:\MyFlix\ApiGateway\vendor\guzzlehttp\guzzle\src\Exception\RequestException.php:113
Stack trace:
#0 C:\MyFlix\ApiGateway\vendor\guzzlehttp\guzzle\src\Middleware.php(65): GuzzleHttp\Exception\RequestException::create(Object(GuzzleHttp\Psr7\Request), Object(GuzzleHttp\Psr7\Response))
#1 C:\MyFlix\ApiGateway\vendor\guzzlehttp\promises\src\Promise.php(203): GuzzleHttp\Middleware::GuzzleHttp\{closure}(Object(GuzzleHttp\Psr7\Response))
#2 C:\MyFlix\ApiGateway\vendor\guzzlehttp\promises\src\Promise.php(156): GuzzleHttp\Promise\Promise::callHandler(1, Object(GuzzleHttp\Psr7\Response), Array)
#3 C:\MyFlix\ApiGateway\vendor\guzzlehttp\promises\src\TaskQueue.php(47): GuzzleHttp\Promise\Promise::GuzzleHttp\Promise\{closure}()
#4 C:\MyFlix\ApiGateway\vendor\guzzlehttp\promises\src\Promise.php(246): GuzzleHttp\Promise\TaskQueue->run(true)
#5 C:\MyFlix\ApiGateway\vendor\guzzlehttp\promises\src\Promise.php(223): GuzzleHttp\Promise\Promise->invokeWaitFn()
#6 C:\MyFlix\ApiGateway\vendor\guzzlehttp\promises\src\Promise.php(267): GuzzleHttp\Promise\Promise->waitIfPending()
#7 C:\MyFlix\ApiGateway\vendor\guzzlehttp\promises\src\Promise.php(225): GuzzleHttp\Promise\Promise->invokeWaitList()
#8 C:\MyFlix\ApiGateway\vendor\guzzlehttp\promises\src\Promise.php(62): GuzzleHttp\Promise\Promise->waitIfPending()
#9 C:\MyFlix\ApiGateway\vendor\guzzlehttp\guzzle\src\Client.php(183): GuzzleHttp\Promise\Promise->wait()
#10 C:\MyFlix\ApiGateway\app\Traits\ConsumesExternalService.php(24): GuzzleHttp\Client->request('GET', '/billings1', Array)
#11 C:\MyFlix\ApiGateway\app\Services\BillingService.php(29): App\Services\BillingService->performRequest('GET', '/billings1')
#12 C:\MyFlix\ApiGateway\app\Http\Controllers\BillingController.php(50): App\Services\BillingService->viewsBilling()
#13 [internal function]: App\Http\Controllers\BillingController->views()
#14 C:\MyFlix\ApiGateway\vendor\illuminate\container\BoundMethod.php(29): call_user_func_array(Array, Array)
#15 C:\MyFlix\ApiGateway\vendor\illuminate\container\BoundMethod.php(87): Illuminate\Container\BoundMethod::Illuminate\Container\{closure}()
#16 C:\MyFlix\ApiGateway\vendor\illuminate\container\BoundMethod.php(31): Illuminate\Container\BoundMethod::callBoundMethod(Object(Laravel\Lumen\Application), Array, Object(Closure))
#17 C:\MyFlix\ApiGateway\vendor\illuminate\container\Container.php(572): Illuminate\Container\BoundMethod::call(Object(Laravel\Lumen\Application), Array, Array, NULL)
#18 C:\MyFlix\ApiGateway\vendor\laravel\lumen-framework\src\Concerns\RoutesRequests.php(378): Illuminate\Container\Container->call(Array, Array)
#19 C:\MyFlix\ApiGateway\vendor\laravel\lumen-framework\src\Concerns\RoutesRequests.php(344): Laravel\Lumen\Application->callControllerCallable(Array, Array)
#20 C:\MyFlix\ApiGateway\vendor\laravel\lumen-framework\src\Concerns\RoutesRequests.php(318): Laravel\Lumen\Application->callLumenController(Object(App\Http\Controllers\BillingController), 'views', Array)
#21 C:\MyFlix\ApiGateway\vendor\laravel\lumen-framework\src\Concerns\RoutesRequests.php(280): Laravel\Lumen\Application->callControllerAction(Array)
#22 C:\MyFlix\ApiGateway\vendor\laravel\lumen-framework\src\Concerns\RoutesRequests.php(265): Laravel\Lumen\Application->callActionOnArrayBasedRoute(Array)
#23 C:\MyFlix\ApiGateway\vendor\laravel\lumen-framework\src\Concerns\RoutesRequests.php(165): Laravel\Lumen\Application->handleFoundRoute(Array)
#24 C:\MyFlix\ApiGateway\vendor\laravel\lumen-framework\src\Concerns\RoutesRequests.php(418): Laravel\Lumen\Application->Laravel\Lumen\Concerns\{closure}(Object(Laravel\Lumen\Http\Request))
#25 C:\MyFlix\ApiGateway\vendor\laravel\lumen-framework\src\Concerns\RoutesRequests.php(171): Laravel\Lumen\Application->sendThroughPipeline(Array, Object(Closure))
#26 C:\MyFlix\ApiGateway\vendor\laravel\lumen-framework\src\Concerns\RoutesRequests.php(108): Laravel\Lumen\Application->dispatch(NULL)
#27 C:\MyFlix\ApiGateway\public\index.php(28): Laravel\Lumen\Application->run()
#28 {main} {"exception":"[object] (GuzzleHttp\\Exception\\ClientException(code: 404): Client error: `GET http://localhost:8001/billings1` resulted in a `404 Not Found` response:
{\"error\":\"Not Found\",\"code\":404}
 at C:\\MyFlix\\ApiGateway\\vendor\\guzzlehttp\\guzzle\\src\\Exception\\RequestException.php:113)
[stacktrace]
#0 C:\\MyFlix\\ApiGateway\\vendor\\guzzlehttp\\guzzle\\src\\Middleware.php(65): GuzzleHttp\\Exception\\RequestException::create(Object(GuzzleHttp\\Psr7\\Request), Object(GuzzleHttp\\Psr7\\Response))
#1 C:\\MyFlix\\ApiGateway\\vendor\\guzzlehttp\\promises\\src\\Promise.php(203): GuzzleHttp\\Middleware::GuzzleHttp\\{closure}(Object(GuzzleHttp\\Psr7\\Response))
#2 C:\\MyFlix\\ApiGateway\\vendor\\guzzlehttp\\promises\\src\\Promise.php(156): GuzzleHttp\\Promise\\Promise::callHandler(1, Object(GuzzleHttp\\Psr7\\Response), Array)
#3 C:\\MyFlix\\ApiGateway\\vendor\\guzzlehttp\\promises\\src\\TaskQueue.php(47): GuzzleHttp\\Promise\\Promise::GuzzleHttp\\Promise\\{closure}()
#4 C:\\MyFlix\\ApiGateway\\vendor\\guzzlehttp\\promises\\src\\Promise.php(246): GuzzleHttp\\Promise\\TaskQueue->run(true)
#5 C:\\MyFlix\\ApiGateway\\vendor\\guzzlehttp\\promises\\src\\Promise.php(223): GuzzleHttp\\Promise\\Promise->invokeWaitFn()
#6 C:\\MyFlix\\ApiGateway\\vendor\\guzzlehttp\\promises\\src\\Promise.php(267): GuzzleHttp\\Promise\\Promise->waitIfPending()
#7 C:\\MyFlix\\ApiGateway\\vendor\\guzzlehttp\\promises\\src\\Promise.php(225): GuzzleHttp\\Promise\\Promise->invokeWaitList()
#8 C:\\MyFlix\\ApiGateway\\vendor\\guzzlehttp\\promises\\src\\Promise.php(62): GuzzleHttp\\Promise\\Promise->waitIfPending()
#9 C:\\MyFlix\\ApiGateway\\vendor\\guzzlehttp\\guzzle\\src\\Client.php(183): GuzzleHttp\\Promise\\Promise->wait()
#10 C:\\MyFlix\\ApiGateway\\app\\Traits\\ConsumesExternalService.php(24): GuzzleHttp\\Client->request('GET', '/billings1', Array)
#11 C:\\MyFlix\\ApiGateway\\app\\Services\\BillingService.php(29): App\\Services\\BillingService->performRequest('GET', '/billings1')
#12 C:\\MyFlix\\ApiGateway\\app\\Http\\Controllers\\BillingController.php(50): App\\Services\\BillingService->viewsBilling()
#13 [internal function]: App\\Http\\Controllers\\BillingController->views()
#14 C:\\MyFlix\\ApiGateway\\vendor\\illuminate\\container\\BoundMethod.php(29): call_user_func_array(Array, Array)
#15 C:\\MyFlix\\ApiGateway\\vendor\\illuminate\\container\\BoundMethod.php(87): Illuminate\\Container\\BoundMethod::Illuminate\\Container\\{closure}()
#16 C:\\MyFlix\\ApiGateway\\vendor\\illuminate\\container\\BoundMethod.php(31): Illuminate\\Container\\BoundMethod::callBoundMethod(Object(Laravel\\Lumen\\Application), Array, Object(Closure))
#17 C:\\MyFlix\\ApiGateway\\vendor\\illuminate\\container\\Container.php(572): Illuminate\\Container\\BoundMethod::call(Object(Laravel\\Lumen\\Application), Array, Array, NULL)
#18 C:\\MyFlix\\ApiGateway\\vendor\\laravel\\lumen-framework\\src\\Concerns\\RoutesRequests.php(378): Illuminate\\Container\\Container->call(Array, Array)
#19 C:\\MyFlix\\ApiGateway\\vendor\\laravel\\lumen-framework\\src\\Concerns\\RoutesRequests.php(344): Laravel\\Lumen\\Application->callControllerCallable(Array, Array)
#20 C:\\MyFlix\\ApiGateway\\vendor\\laravel\\lumen-framework\\src\\Concerns\\RoutesRequests.php(318): Laravel\\Lumen\\Application->callLumenController(Object(App\\Http\\Controllers\\BillingController), 'views', Array)
#21 C:\\MyFlix\\ApiGateway\\vendor\\laravel\\lumen-framework\\src\\Concerns\\RoutesRequests.php(280): Laravel\\Lumen\\Application->callControllerAction(Array)
#22 C:\\MyFlix\\ApiGateway\\vendor\\laravel\\lumen-framework\\src\\Concerns\\RoutesRequests.php(265): Laravel\\Lumen\\Application->callActionOnArrayBasedRoute(Array)
#23 C:\\MyFlix\\ApiGateway\\vendor\\laravel\\lumen-framework\\src\\Concerns\\RoutesRequests.php(165): Laravel\\Lumen\\Application->handleFoundRoute(Array)
#24 C:\\MyFlix\\ApiGateway\\vendor\\laravel\\lumen-framework\\src\\Concerns\\RoutesRequests.php(418): Laravel\\Lumen\\Application->Laravel\\Lumen\\Concerns\\{closure}(Object(Laravel\\Lumen\\Http\\Request))
#25 C:\\MyFlix\\ApiGateway\\vendor\\laravel\\lumen-framework\\src\\Concerns\\RoutesRequests.php(171): Laravel\\Lumen\\Application->sendThroughPipeline(Array, Object(Closure))
#26 C:\\MyFlix\\ApiGateway\\vendor\\laravel\\lumen-framework\\src\\Concerns\\RoutesRequests.php(108): Laravel\\Lumen\\Application->dispatch(NULL)
#27 C:\\MyFlix\\ApiGateway\\public\\index.php(28): Laravel\\Lumen\\Application->run()
#28 {main}
"} 
