[2020-01-07 19:24:18] local.ERROR: RuntimeException: Error creating resource: [message] fopen(/videos): failed to open stream: No such file or directory
[file] C:\ApiGateway\vendor\guzzlehttp\guzzle\src\Handler\StreamHandler.php
[line] 323 in C:\ApiGateway\vendor\guzzlehttp\guzzle\src\Handler\StreamHandler.php:252
Stack trace:
#0 C:\ApiGateway\vendor\guzzlehttp\guzzle\src\Handler\StreamHandler.php(334): GuzzleHttp\Handler\StreamHandler->createResource(Object(Closure))
#1 C:\ApiGateway\vendor\guzzlehttp\guzzle\src\Handler\StreamHandler.php(51): GuzzleHttp\Handler\StreamHandler->createStream(Object(GuzzleHttp\Psr7\Request), Array)
#2 C:\ApiGateway\vendor\guzzlehttp\guzzle\src\PrepareBodyMiddleware.php(37): GuzzleHttp\Handler\StreamHandler->__invoke(Object(GuzzleHttp\Psr7\Request), Array)
#3 C:\ApiGateway\vendor\guzzlehttp\guzzle\src\Middleware.php(29): GuzzleHttp\PrepareBodyMiddleware->__invoke(Object(GuzzleHttp\Psr7\Request), Array)
#4 C:\ApiGateway\vendor\guzzlehttp\guzzle\src\RedirectMiddleware.php(70): GuzzleHttp\Middleware::GuzzleHttp\{closure}(Object(GuzzleHttp\Psr7\Request), Array)
#5 C:\ApiGateway\vendor\guzzlehttp\guzzle\src\Middleware.php(59): GuzzleHttp\RedirectMiddleware->__invoke(Object(GuzzleHttp\Psr7\Request), Array)
#6 C:\ApiGateway\vendor\guzzlehttp\guzzle\src\HandlerStack.php(71): GuzzleHttp\Middleware::GuzzleHttp\{closure}(Object(GuzzleHttp\Psr7\Request), Array)
#7 C:\ApiGateway\vendor\guzzlehttp\guzzle\src\Client.php(361): GuzzleHttp\HandlerStack->__invoke(Object(GuzzleHttp\Psr7\Request), Array)
#8 C:\ApiGateway\vendor\guzzlehttp\guzzle\src\Client.php(163): GuzzleHttp\Client->transfer(Object(GuzzleHttp\Psr7\Request), Array)
#9 C:\ApiGateway\vendor\guzzlehttp\guzzle\src\Client.php(183): GuzzleHttp\Client->requestAsync('GET', Object(GuzzleHttp\Psr7\Uri), Array)
#10 C:\ApiGateway\app\Traits\ConsumesExternalService.php(24): GuzzleHttp\Client->request('GET', '/videos', Array)
#11 C:\ApiGateway\app\Services\VideoService.php(28): App\Services\VideoService->performRequest('GET', '/videos')
#12 C:\ApiGateway\app\Http\Controllers\VideoController.php(37): App\Services\VideoService->obtainVideos()
#13 [internal function]: App\Http\Controllers\VideoController->index()
#14 C:\ApiGateway\vendor\illuminate\container\BoundMethod.php(29): call_user_func_array(Array, Array)
#15 C:\ApiGateway\vendor\illuminate\container\BoundMethod.php(87): Illuminate\Container\BoundMethod::Illuminate\Container\{closure}()
#16 C:\ApiGateway\vendor\illuminate\container\BoundMethod.php(31): Illuminate\Container\BoundMethod::callBoundMethod(Object(Laravel\Lumen\Application), Array, Object(Closure))
#17 C:\ApiGateway\vendor\illuminate\container\Container.php(572): Illuminate\Container\BoundMethod::call(Object(Laravel\Lumen\Application), Array, Array, NULL)
#18 C:\ApiGateway\vendor\laravel\lumen-framework\src\Concerns\RoutesRequests.php(378): Illuminate\Container\Container->call(Array, Array)
#19 C:\ApiGateway\vendor\laravel\lumen-framework\src\Concerns\RoutesRequests.php(344): Laravel\Lumen\Application->callControllerCallable(Array, Array)
#20 C:\ApiGateway\vendor\laravel\lumen-framework\src\Concerns\RoutesRequests.php(318): Laravel\Lumen\Application->callLumenController(Object(App\Http\Controllers\VideoController), 'index', Array)
#21 C:\ApiGateway\vendor\laravel\lumen-framework\src\Concerns\RoutesRequests.php(280): Laravel\Lumen\Application->callControllerAction(Array)
#22 C:\ApiGateway\vendor\laravel\lumen-framework\src\Concerns\RoutesRequests.php(265): Laravel\Lumen\Application->callActionOnArrayBasedRoute(Array)
#23 C:\ApiGateway\vendor\laravel\lumen-framework\src\Concerns\RoutesRequests.php(165): Laravel\Lumen\Application->handleFoundRoute(Array)
#24 C:\ApiGateway\vendor\laravel\lumen-framework\src\Concerns\RoutesRequests.php(418): Laravel\Lumen\Application->Laravel\Lumen\Concerns\{closure}(Object(Laravel\Lumen\Http\Request))
#25 C:\ApiGateway\vendor\laravel\lumen-framework\src\Concerns\RoutesRequests.php(171): Laravel\Lumen\Application->sendThroughPipeline(Array, Object(Closure))
#26 C:\ApiGateway\vendor\laravel\lumen-framework\src\Concerns\RoutesRequests.php(108): Laravel\Lumen\Application->dispatch(NULL)
#27 C:\ApiGateway\public\index.php(28): Laravel\Lumen\Application->run()
#28 {main}

Next GuzzleHttp\Exception\RequestException: Error creating resource: [message] fopen(/videos): failed to open stream: No such file or directory
[file] C:\ApiGateway\vendor\guzzlehttp\guzzle\src\Handler\StreamHandler.php
[line] 323 in C:\ApiGateway\vendor\guzzlehttp\guzzle\src\Exception\RequestException.php:52
Stack trace:
#0 C:\ApiGateway\vendor\guzzlehttp\guzzle\src\Handler\StreamHandler.php(67): GuzzleHttp\Exception\RequestException::wrapException(Object(GuzzleHttp\Psr7\Request), Object(RuntimeException))
#1 C:\ApiGateway\vendor\guzzlehttp\guzzle\src\PrepareBodyMiddleware.php(37): GuzzleHttp\Handler\StreamHandler->__invoke(Object(GuzzleHttp\Psr7\Request), Array)
#2 C:\ApiGateway\vendor\guzzlehttp\guzzle\src\Middleware.php(29): GuzzleHttp\PrepareBodyMiddleware->__invoke(Object(GuzzleHttp\Psr7\Request), Array)
#3 C:\ApiGateway\vendor\guzzlehttp\guzzle\src\RedirectMiddleware.php(70): GuzzleHttp\Middleware::GuzzleHttp\{closure}(Object(GuzzleHttp\Psr7\Request), Array)
#4 C:\ApiGateway\vendor\guzzlehttp\guzzle\src\Middleware.php(59): GuzzleHttp\RedirectMiddleware->__invoke(Object(GuzzleHttp\Psr7\Request), Array)
#5 C:\ApiGateway\vendor\guzzlehttp\guzzle\src\HandlerStack.php(71): GuzzleHttp\Middleware::GuzzleHttp\{closure}(Object(GuzzleHttp\Psr7\Request), Array)
#6 C:\ApiGateway\vendor\guzzlehttp\guzzle\src\Client.php(361): GuzzleHttp\HandlerStack->__invoke(Object(GuzzleHttp\Psr7\Request), Array)
#7 C:\ApiGateway\vendor\guzzlehttp\guzzle\src\Client.php(163): GuzzleHttp\Client->transfer(Object(GuzzleHttp\Psr7\Request), Array)
#8 C:\ApiGateway\vendor\guzzlehttp\guzzle\src\Client.php(183): GuzzleHttp\Client->requestAsync('GET', Object(GuzzleHttp\Psr7\Uri), Array)
#9 C:\ApiGateway\app\Traits\ConsumesExternalService.php(24): GuzzleHttp\Client->request('GET', '/videos', Array)
#10 C:\ApiGateway\app\Services\VideoService.php(28): App\Services\VideoService->performRequest('GET', '/videos')
#11 C:\ApiGateway\app\Http\Controllers\VideoController.php(37): App\Services\VideoService->obtainVideos()
#12 [internal function]: App\Http\Controllers\VideoController->index()
#13 C:\ApiGateway\vendor\illuminate\container\BoundMethod.php(29): call_user_func_array(Array, Array)
#14 C:\ApiGateway\vendor\illuminate\container\BoundMethod.php(87): Illuminate\Container\BoundMethod::Illuminate\Container\{closure}()
#15 C:\ApiGateway\vendor\illuminate\container\BoundMethod.php(31): Illuminate\Container\BoundMethod::callBoundMethod(Object(Laravel\Lumen\Application), Array, Object(Closure))
#16 C:\ApiGateway\vendor\illuminate\container\Container.php(572): Illuminate\Container\BoundMethod::call(Object(Laravel\Lumen\Application), Array, Array, NULL)
#17 C:\ApiGateway\vendor\laravel\lumen-framework\src\Concerns\RoutesRequests.php(378): Illuminate\Container\Container->call(Array, Array)
#18 C:\ApiGateway\vendor\laravel\lumen-framework\src\Concerns\RoutesRequests.php(344): Laravel\Lumen\Application->callControllerCallable(Array, Array)
#19 C:\ApiGateway\vendor\laravel\lumen-framework\src\Concerns\RoutesRequests.php(318): Laravel\Lumen\Application->callLumenController(Object(App\Http\Controllers\VideoController), 'index', Array)
#20 C:\ApiGateway\vendor\laravel\lumen-framework\src\Concerns\RoutesRequests.php(280): Laravel\Lumen\Application->callControllerAction(Array)
#21 C:\ApiGateway\vendor\laravel\lumen-framework\src\Concerns\RoutesRequests.php(265): Laravel\Lumen\Application->callActionOnArrayBasedRoute(Array)
#22 C:\ApiGateway\vendor\laravel\lumen-framework\src\Concerns\RoutesRequests.php(165): Laravel\Lumen\Application->handleFoundRoute(Array)
#23 C:\ApiGateway\vendor\laravel\lumen-framework\src\Concerns\RoutesRequests.php(418): Laravel\Lumen\Application->Laravel\Lumen\Concerns\{closure}(Object(Laravel\Lumen\Http\Request))
#24 C:\ApiGateway\vendor\laravel\lumen-framework\src\Concerns\RoutesRequests.php(171): Laravel\Lumen\Application->sendThroughPipeline(Array, Object(Closure))
#25 C:\ApiGateway\vendor\laravel\lumen-framework\src\Concerns\RoutesRequests.php(108): Laravel\Lumen\Application->dispatch(NULL)
#26 C:\ApiGateway\public\index.php(28): Laravel\Lumen\Application->run()
#27 {main} {"exception":"[object] (GuzzleHttp\\Exception\\RequestException(code: 0): Error creating resource: [message] fopen(/videos): failed to open stream: No such file or directory
[file] C:\\ApiGateway\\vendor\\guzzlehttp\\guzzle\\src\\Handler\\StreamHandler.php
[line] 323 at C:\\ApiGateway\\vendor\\guzzlehttp\\guzzle\\src\\Exception\\RequestException.php:52, RuntimeException(code: 0): Error creating resource: [message] fopen(/videos): failed to open stream: No such file or directory
[file] C:\\ApiGateway\\vendor\\guzzlehttp\\guzzle\\src\\Handler\\StreamHandler.php
[line] 323 at C:\\ApiGateway\\vendor\\guzzlehttp\\guzzle\\src\\Handler\\StreamHandler.php:252)
[stacktrace]
#0 C:\\ApiGateway\\vendor\\guzzlehttp\\guzzle\\src\\Handler\\StreamHandler.php(67): GuzzleHttp\\Exception\\RequestException::wrapException(Object(GuzzleHttp\\Psr7\\Request), Object(RuntimeException))
#1 C:\\ApiGateway\\vendor\\guzzlehttp\\guzzle\\src\\PrepareBodyMiddleware.php(37): GuzzleHttp\\Handler\\StreamHandler->__invoke(Object(GuzzleHttp\\Psr7\\Request), Array)
#2 C:\\ApiGateway\\vendor\\guzzlehttp\\guzzle\\src\\Middleware.php(29): GuzzleHttp\\PrepareBodyMiddleware->__invoke(Object(GuzzleHttp\\Psr7\\Request), Array)
#3 C:\\ApiGateway\\vendor\\guzzlehttp\\guzzle\\src\\RedirectMiddleware.php(70): GuzzleHttp\\Middleware::GuzzleHttp\\{closure}(Object(GuzzleHttp\\Psr7\\Request), Array)
#4 C:\\ApiGateway\\vendor\\guzzlehttp\\guzzle\\src\\Middleware.php(59): GuzzleHttp\\RedirectMiddleware->__invoke(Object(GuzzleHttp\\Psr7\\Request), Array)
#5 C:\\ApiGateway\\vendor\\guzzlehttp\\guzzle\\src\\HandlerStack.php(71): GuzzleHttp\\Middleware::GuzzleHttp\\{closure}(Object(GuzzleHttp\\Psr7\\Request), Array)
#6 C:\\ApiGateway\\vendor\\guzzlehttp\\guzzle\\src\\Client.php(361): GuzzleHttp\\HandlerStack->__invoke(Object(GuzzleHttp\\Psr7\\Request), Array)
#7 C:\\ApiGateway\\vendor\\guzzlehttp\\guzzle\\src\\Client.php(163): GuzzleHttp\\Client->transfer(Object(GuzzleHttp\\Psr7\\Request), Array)
#8 C:\\ApiGateway\\vendor\\guzzlehttp\\guzzle\\src\\Client.php(183): GuzzleHttp\\Client->requestAsync('GET', Object(GuzzleHttp\\Psr7\\Uri), Array)
#9 C:\\ApiGateway\\app\\Traits\\ConsumesExternalService.php(24): GuzzleHttp\\Client->request('GET', '/videos', Array)
#10 C:\\ApiGateway\\app\\Services\\VideoService.php(28): App\\Services\\VideoService->performRequest('GET', '/videos')
#11 C:\\ApiGateway\\app\\Http\\Controllers\\VideoController.php(37): App\\Services\\VideoService->obtainVideos()
#12 [internal function]: App\\Http\\Controllers\\VideoController->index()
#13 C:\\ApiGateway\\vendor\\illuminate\\container\\BoundMethod.php(29): call_user_func_array(Array, Array)
#14 C:\\ApiGateway\\vendor\\illuminate\\container\\BoundMethod.php(87): Illuminate\\Container\\BoundMethod::Illuminate\\Container\\{closure}()
#15 C:\\ApiGateway\\vendor\\illuminate\\container\\BoundMethod.php(31): Illuminate\\Container\\BoundMethod::callBoundMethod(Object(Laravel\\Lumen\\Application), Array, Object(Closure))
#16 C:\\ApiGateway\\vendor\\illuminate\\container\\Container.php(572): Illuminate\\Container\\BoundMethod::call(Object(Laravel\\Lumen\\Application), Array, Array, NULL)
#17 C:\\ApiGateway\\vendor\\laravel\\lumen-framework\\src\\Concerns\\RoutesRequests.php(378): Illuminate\\Container\\Container->call(Array, Array)
#18 C:\\ApiGateway\\vendor\\laravel\\lumen-framework\\src\\Concerns\\RoutesRequests.php(344): Laravel\\Lumen\\Application->callControllerCallable(Array, Array)
#19 C:\\ApiGateway\\vendor\\laravel\\lumen-framework\\src\\Concerns\\RoutesRequests.php(318): Laravel\\Lumen\\Application->callLumenController(Object(App\\Http\\Controllers\\VideoController), 'index', Array)
#20 C:\\ApiGateway\\vendor\\laravel\\lumen-framework\\src\\Concerns\\RoutesRequests.php(280): Laravel\\Lumen\\Application->callControllerAction(Array)
#21 C:\\ApiGateway\\vendor\\laravel\\lumen-framework\\src\\Concerns\\RoutesRequests.php(265): Laravel\\Lumen\\Application->callActionOnArrayBasedRoute(Array)
#22 C:\\ApiGateway\\vendor\\laravel\\lumen-framework\\src\\Concerns\\RoutesRequests.php(165): Laravel\\Lumen\\Application->handleFoundRoute(Array)
#23 C:\\ApiGateway\\vendor\\laravel\\lumen-framework\\src\\Concerns\\RoutesRequests.php(418): Laravel\\Lumen\\Application->Laravel\\Lumen\\Concerns\\{closure}(Object(Laravel\\Lumen\\Http\\Request))
#24 C:\\ApiGateway\\vendor\\laravel\\lumen-framework\\src\\Concerns\\RoutesRequests.php(171): Laravel\\Lumen\\Application->sendThroughPipeline(Array, Object(Closure))
#25 C:\\ApiGateway\\vendor\\laravel\\lumen-framework\\src\\Concerns\\RoutesRequests.php(108): Laravel\\Lumen\\Application->dispatch(NULL)
#26 C:\\ApiGateway\\public\\index.php(28): Laravel\\Lumen\\Application->run()
#27 {main}
"} 
[2020-01-07 19:24:44] local.ERROR: RuntimeException: Error creating resource: [message] fopen(/videos/1): failed to open stream: No such file or directory
[file] C:\ApiGateway\vendor\guzzlehttp\guzzle\src\Handler\StreamHandler.php
[line] 323 in C:\ApiGateway\vendor\guzzlehttp\guzzle\src\Handler\StreamHandler.php:252
Stack trace:
#0 C:\ApiGateway\vendor\guzzlehttp\guzzle\src\Handler\StreamHandler.php(334): GuzzleHttp\Handler\StreamHandler->createResource(Object(Closure))
#1 C:\ApiGateway\vendor\guzzlehttp\guzzle\src\Handler\StreamHandler.php(51): GuzzleHttp\Handler\StreamHandler->createStream(Object(GuzzleHttp\Psr7\Request), Array)
#2 C:\ApiGateway\vendor\guzzlehttp\guzzle\src\PrepareBodyMiddleware.php(37): GuzzleHttp\Handler\StreamHandler->__invoke(Object(GuzzleHttp\Psr7\Request), Array)
#3 C:\ApiGateway\vendor\guzzlehttp\guzzle\src\Middleware.php(29): GuzzleHttp\PrepareBodyMiddleware->__invoke(Object(GuzzleHttp\Psr7\Request), Array)
#4 C:\ApiGateway\vendor\guzzlehttp\guzzle\src\RedirectMiddleware.php(70): GuzzleHttp\Middleware::GuzzleHttp\{closure}(Object(GuzzleHttp\Psr7\Request), Array)
#5 C:\ApiGateway\vendor\guzzlehttp\guzzle\src\Middleware.php(59): GuzzleHttp\RedirectMiddleware->__invoke(Object(GuzzleHttp\Psr7\Request), Array)
#6 C:\ApiGateway\vendor\guzzlehttp\guzzle\src\HandlerStack.php(71): GuzzleHttp\Middleware::GuzzleHttp\{closure}(Object(GuzzleHttp\Psr7\Request), Array)
#7 C:\ApiGateway\vendor\guzzlehttp\guzzle\src\Client.php(361): GuzzleHttp\HandlerStack->__invoke(Object(GuzzleHttp\Psr7\Request), Array)
#8 C:\ApiGateway\vendor\guzzlehttp\guzzle\src\Client.php(163): GuzzleHttp\Client->transfer(Object(GuzzleHttp\Psr7\Request), Array)
#9 C:\ApiGateway\vendor\guzzlehttp\guzzle\src\Client.php(183): GuzzleHttp\Client->requestAsync('GET', Object(GuzzleHttp\Psr7\Uri), Array)
#10 C:\ApiGateway\app\Traits\ConsumesExternalService.php(24): GuzzleHttp\Client->request('GET', '/videos/1', Array)
#11 C:\ApiGateway\app\Services\VideoService.php(46): App\Services\VideoService->performRequest('GET', '/videos/1')
#12 C:\ApiGateway\app\Http\Controllers\VideoController.php(58): App\Services\VideoService->obtainVideo('1')
#13 [internal function]: App\Http\Controllers\VideoController->show('1')
#14 C:\ApiGateway\vendor\illuminate\container\BoundMethod.php(29): call_user_func_array(Array, Array)
#15 C:\ApiGateway\vendor\illuminate\container\BoundMethod.php(87): Illuminate\Container\BoundMethod::Illuminate\Container\{closure}()
#16 C:\ApiGateway\vendor\illuminate\container\BoundMethod.php(31): Illuminate\Container\BoundMethod::callBoundMethod(Object(Laravel\Lumen\Application), Array, Object(Closure))
#17 C:\ApiGateway\vendor\illuminate\container\Container.php(572): Illuminate\Container\BoundMethod::call(Object(Laravel\Lumen\Application), Array, Array, NULL)
#18 C:\ApiGateway\vendor\laravel\lumen-framework\src\Concerns\RoutesRequests.php(378): Illuminate\Container\Container->call(Array, Array)
#19 C:\ApiGateway\vendor\laravel\lumen-framework\src\Concerns\RoutesRequests.php(344): Laravel\Lumen\Application->callControllerCallable(Array, Array)
#20 C:\ApiGateway\vendor\laravel\lumen-framework\src\Concerns\RoutesRequests.php(318): Laravel\Lumen\Application->callLumenController(Object(App\Http\Controllers\VideoController), 'show', Array)
#21 C:\ApiGateway\vendor\laravel\lumen-framework\src\Concerns\RoutesRequests.php(280): Laravel\Lumen\Application->callControllerAction(Array)
#22 C:\ApiGateway\vendor\laravel\lumen-framework\src\Concerns\RoutesRequests.php(265): Laravel\Lumen\Application->callActionOnArrayBasedRoute(Array)
#23 C:\ApiGateway\vendor\laravel\lumen-framework\src\Concerns\RoutesRequests.php(235): Laravel\Lumen\Application->handleFoundRoute(Array)
#24 C:\ApiGateway\vendor\laravel\lumen-framework\src\Concerns\RoutesRequests.php(169): Laravel\Lumen\Application->handleDispatcherResponse(Array)
#25 C:\ApiGateway\vendor\laravel\lumen-framework\src\Concerns\RoutesRequests.php(418): Laravel\Lumen\Application->Laravel\Lumen\Concerns\{closure}(Object(Laravel\Lumen\Http\Request))
#26 C:\ApiGateway\vendor\laravel\lumen-framework\src\Concerns\RoutesRequests.php(171): Laravel\Lumen\Application->sendThroughPipeline(Array, Object(Closure))
#27 C:\ApiGateway\vendor\laravel\lumen-framework\src\Concerns\RoutesRequests.php(108): Laravel\Lumen\Application->dispatch(NULL)
#28 C:\ApiGateway\public\index.php(28): Laravel\Lumen\Application->run()
#29 {main}

Next GuzzleHttp\Exception\RequestException: Error creating resource: [message] fopen(/videos/1): failed to open stream: No such file or directory
[file] C:\ApiGateway\vendor\guzzlehttp\guzzle\src\Handler\StreamHandler.php
[line] 323 in C:\ApiGateway\vendor\guzzlehttp\guzzle\src\Exception\RequestException.php:52
Stack trace:
#0 C:\ApiGateway\vendor\guzzlehttp\guzzle\src\Handler\StreamHandler.php(67): GuzzleHttp\Exception\RequestException::wrapException(Object(GuzzleHttp\Psr7\Request), Object(RuntimeException))
#1 C:\ApiGateway\vendor\guzzlehttp\guzzle\src\PrepareBodyMiddleware.php(37): GuzzleHttp\Handler\StreamHandler->__invoke(Object(GuzzleHttp\Psr7\Request), Array)
#2 C:\ApiGateway\vendor\guzzlehttp\guzzle\src\Middleware.php(29): GuzzleHttp\PrepareBodyMiddleware->__invoke(Object(GuzzleHttp\Psr7\Request), Array)
#3 C:\ApiGateway\vendor\guzzlehttp\guzzle\src\RedirectMiddleware.php(70): GuzzleHttp\Middleware::GuzzleHttp\{closure}(Object(GuzzleHttp\Psr7\Request), Array)
#4 C:\ApiGateway\vendor\guzzlehttp\guzzle\src\Middleware.php(59): GuzzleHttp\RedirectMiddleware->__invoke(Object(GuzzleHttp\Psr7\Request), Array)
#5 C:\ApiGateway\vendor\guzzlehttp\guzzle\src\HandlerStack.php(71): GuzzleHttp\Middleware::GuzzleHttp\{closure}(Object(GuzzleHttp\Psr7\Request), Array)
#6 C:\ApiGateway\vendor\guzzlehttp\guzzle\src\Client.php(361): GuzzleHttp\HandlerStack->__invoke(Object(GuzzleHttp\Psr7\Request), Array)
#7 C:\ApiGateway\vendor\guzzlehttp\guzzle\src\Client.php(163): GuzzleHttp\Client->transfer(Object(GuzzleHttp\Psr7\Request), Array)
#8 C:\ApiGateway\vendor\guzzlehttp\guzzle\src\Client.php(183): GuzzleHttp\Client->requestAsync('GET', Object(GuzzleHttp\Psr7\Uri), Array)
#9 C:\ApiGateway\app\Traits\ConsumesExternalService.php(24): GuzzleHttp\Client->request('GET', '/videos/1', Array)
#10 C:\ApiGateway\app\Services\VideoService.php(46): App\Services\VideoService->performRequest('GET', '/videos/1')
#11 C:\ApiGateway\app\Http\Controllers\VideoController.php(58): App\Services\VideoService->obtainVideo('1')
#12 [internal function]: App\Http\Controllers\VideoController->show('1')
#13 C:\ApiGateway\vendor\illuminate\container\BoundMethod.php(29): call_user_func_array(Array, Array)
#14 C:\ApiGateway\vendor\illuminate\container\BoundMethod.php(87): Illuminate\Container\BoundMethod::Illuminate\Container\{closure}()
#15 C:\ApiGateway\vendor\illuminate\container\BoundMethod.php(31): Illuminate\Container\BoundMethod::callBoundMethod(Object(Laravel\Lumen\Application), Array, Object(Closure))
#16 C:\ApiGateway\vendor\illuminate\container\Container.php(572): Illuminate\Container\BoundMethod::call(Object(Laravel\Lumen\Application), Array, Array, NULL)
#17 C:\ApiGateway\vendor\laravel\lumen-framework\src\Concerns\RoutesRequests.php(378): Illuminate\Container\Container->call(Array, Array)
#18 C:\ApiGateway\vendor\laravel\lumen-framework\src\Concerns\RoutesRequests.php(344): Laravel\Lumen\Application->callControllerCallable(Array, Array)
#19 C:\ApiGateway\vendor\laravel\lumen-framework\src\Concerns\RoutesRequests.php(318): Laravel\Lumen\Application->callLumenController(Object(App\Http\Controllers\VideoController), 'show', Array)
#20 C:\ApiGateway\vendor\laravel\lumen-framework\src\Concerns\RoutesRequests.php(280): Laravel\Lumen\Application->callControllerAction(Array)
#21 C:\ApiGateway\vendor\laravel\lumen-framework\src\Concerns\RoutesRequests.php(265): Laravel\Lumen\Application->callActionOnArrayBasedRoute(Array)
#22 C:\ApiGateway\vendor\laravel\lumen-framework\src\Concerns\RoutesRequests.php(235): Laravel\Lumen\Application->handleFoundRoute(Array)
#23 C:\ApiGateway\vendor\laravel\lumen-framework\src\Concerns\RoutesRequests.php(169): Laravel\Lumen\Application->handleDispatcherResponse(Array)
#24 C:\ApiGateway\vendor\laravel\lumen-framework\src\Concerns\RoutesRequests.php(418): Laravel\Lumen\Application->Laravel\Lumen\Concerns\{closure}(Object(Laravel\Lumen\Http\Request))
#25 C:\ApiGateway\vendor\laravel\lumen-framework\src\Concerns\RoutesRequests.php(171): Laravel\Lumen\Application->sendThroughPipeline(Array, Object(Closure))
#26 C:\ApiGateway\vendor\laravel\lumen-framework\src\Concerns\RoutesRequests.php(108): Laravel\Lumen\Application->dispatch(NULL)
#27 C:\ApiGateway\public\index.php(28): Laravel\Lumen\Application->run()
#28 {main} {"exception":"[object] (GuzzleHttp\\Exception\\RequestException(code: 0): Error creating resource: [message] fopen(/videos/1): failed to open stream: No such file or directory
[file] C:\\ApiGateway\\vendor\\guzzlehttp\\guzzle\\src\\Handler\\StreamHandler.php
[line] 323 at C:\\ApiGateway\\vendor\\guzzlehttp\\guzzle\\src\\Exception\\RequestException.php:52, RuntimeException(code: 0): Error creating resource: [message] fopen(/videos/1): failed to open stream: No such file or directory
[file] C:\\ApiGateway\\vendor\\guzzlehttp\\guzzle\\src\\Handler\\StreamHandler.php
[line] 323 at C:\\ApiGateway\\vendor\\guzzlehttp\\guzzle\\src\\Handler\\StreamHandler.php:252)
[stacktrace]
#0 C:\\ApiGateway\\vendor\\guzzlehttp\\guzzle\\src\\Handler\\StreamHandler.php(67): GuzzleHttp\\Exception\\RequestException::wrapException(Object(GuzzleHttp\\Psr7\\Request), Object(RuntimeException))
#1 C:\\ApiGateway\\vendor\\guzzlehttp\\guzzle\\src\\PrepareBodyMiddleware.php(37): GuzzleHttp\\Handler\\StreamHandler->__invoke(Object(GuzzleHttp\\Psr7\\Request), Array)
#2 C:\\ApiGateway\\vendor\\guzzlehttp\\guzzle\\src\\Middleware.php(29): GuzzleHttp\\PrepareBodyMiddleware->__invoke(Object(GuzzleHttp\\Psr7\\Request), Array)
#3 C:\\ApiGateway\\vendor\\guzzlehttp\\guzzle\\src\\RedirectMiddleware.php(70): GuzzleHttp\\Middleware::GuzzleHttp\\{closure}(Object(GuzzleHttp\\Psr7\\Request), Array)
#4 C:\\ApiGateway\\vendor\\guzzlehttp\\guzzle\\src\\Middleware.php(59): GuzzleHttp\\RedirectMiddleware->__invoke(Object(GuzzleHttp\\Psr7\\Request), Array)
#5 C:\\ApiGateway\\vendor\\guzzlehttp\\guzzle\\src\\HandlerStack.php(71): GuzzleHttp\\Middleware::GuzzleHttp\\{closure}(Object(GuzzleHttp\\Psr7\\Request), Array)
#6 C:\\ApiGateway\\vendor\\guzzlehttp\\guzzle\\src\\Client.php(361): GuzzleHttp\\HandlerStack->__invoke(Object(GuzzleHttp\\Psr7\\Request), Array)
#7 C:\\ApiGateway\\vendor\\guzzlehttp\\guzzle\\src\\Client.php(163): GuzzleHttp\\Client->transfer(Object(GuzzleHttp\\Psr7\\Request), Array)
#8 C:\\ApiGateway\\vendor\\guzzlehttp\\guzzle\\src\\Client.php(183): GuzzleHttp\\Client->requestAsync('GET', Object(GuzzleHttp\\Psr7\\Uri), Array)
#9 C:\\ApiGateway\\app\\Traits\\ConsumesExternalService.php(24): GuzzleHttp\\Client->request('GET', '/videos/1', Array)
#10 C:\\ApiGateway\\app\\Services\\VideoService.php(46): App\\Services\\VideoService->performRequest('GET', '/videos/1')
#11 C:\\ApiGateway\\app\\Http\\Controllers\\VideoController.php(58): App\\Services\\VideoService->obtainVideo('1')
#12 [internal function]: App\\Http\\Controllers\\VideoController->show('1')
#13 C:\\ApiGateway\\vendor\\illuminate\\container\\BoundMethod.php(29): call_user_func_array(Array, Array)
#14 C:\\ApiGateway\\vendor\\illuminate\\container\\BoundMethod.php(87): Illuminate\\Container\\BoundMethod::Illuminate\\Container\\{closure}()
#15 C:\\ApiGateway\\vendor\\illuminate\\container\\BoundMethod.php(31): Illuminate\\Container\\BoundMethod::callBoundMethod(Object(Laravel\\Lumen\\Application), Array, Object(Closure))
#16 C:\\ApiGateway\\vendor\\illuminate\\container\\Container.php(572): Illuminate\\Container\\BoundMethod::call(Object(Laravel\\Lumen\\Application), Array, Array, NULL)
#17 C:\\ApiGateway\\vendor\\laravel\\lumen-framework\\src\\Concerns\\RoutesRequests.php(378): Illuminate\\Container\\Container->call(Array, Array)
#18 C:\\ApiGateway\\vendor\\laravel\\lumen-framework\\src\\Concerns\\RoutesRequests.php(344): Laravel\\Lumen\\Application->callControllerCallable(Array, Array)
#19 C:\\ApiGateway\\vendor\\laravel\\lumen-framework\\src\\Concerns\\RoutesRequests.php(318): Laravel\\Lumen\\Application->callLumenController(Object(App\\Http\\Controllers\\VideoController), 'show', Array)
#20 C:\\ApiGateway\\vendor\\laravel\\lumen-framework\\src\\Concerns\\RoutesRequests.php(280): Laravel\\Lumen\\Application->callControllerAction(Array)
#21 C:\\ApiGateway\\vendor\\laravel\\lumen-framework\\src\\Concerns\\RoutesRequests.php(265): Laravel\\Lumen\\Application->callActionOnArrayBasedRoute(Array)
#22 C:\\ApiGateway\\vendor\\laravel\\lumen-framework\\src\\Concerns\\RoutesRequests.php(235): Laravel\\Lumen\\Application->handleFoundRoute(Array)
#23 C:\\ApiGateway\\vendor\\laravel\\lumen-framework\\src\\Concerns\\RoutesRequests.php(169): Laravel\\Lumen\\Application->handleDispatcherResponse(Array)
#24 C:\\ApiGateway\\vendor\\laravel\\lumen-framework\\src\\Concerns\\RoutesRequests.php(418): Laravel\\Lumen\\Application->Laravel\\Lumen\\Concerns\\{closure}(Object(Laravel\\Lumen\\Http\\Request))
#25 C:\\ApiGateway\\vendor\\laravel\\lumen-framework\\src\\Concerns\\RoutesRequests.php(171): Laravel\\Lumen\\Application->sendThroughPipeline(Array, Object(Closure))
#26 C:\\ApiGateway\\vendor\\laravel\\lumen-framework\\src\\Concerns\\RoutesRequests.php(108): Laravel\\Lumen\\Application->dispatch(NULL)
#27 C:\\ApiGateway\\public\\index.php(28): Laravel\\Lumen\\Application->run()
#28 {main}
"} 
[2020-01-07 19:25:38] local.ERROR: RuntimeException: Error creating resource: [message] fopen(/videos/1): failed to open stream: No such file or directory
[file] C:\ApiGateway\vendor\guzzlehttp\guzzle\src\Handler\StreamHandler.php
[line] 323 in C:\ApiGateway\vendor\guzzlehttp\guzzle\src\Handler\StreamHandler.php:252
Stack trace:
#0 C:\ApiGateway\vendor\guzzlehttp\guzzle\src\Handler\StreamHandler.php(334): GuzzleHttp\Handler\StreamHandler->createResource(Object(Closure))
#1 C:\ApiGateway\vendor\guzzlehttp\guzzle\src\Handler\StreamHandler.php(51): GuzzleHttp\Handler\StreamHandler->createStream(Object(GuzzleHttp\Psr7\Request), Array)
#2 C:\ApiGateway\vendor\guzzlehttp\guzzle\src\PrepareBodyMiddleware.php(37): GuzzleHttp\Handler\StreamHandler->__invoke(Object(GuzzleHttp\Psr7\Request), Array)
#3 C:\ApiGateway\vendor\guzzlehttp\guzzle\src\Middleware.php(29): GuzzleHttp\PrepareBodyMiddleware->__invoke(Object(GuzzleHttp\Psr7\Request), Array)
#4 C:\ApiGateway\vendor\guzzlehttp\guzzle\src\RedirectMiddleware.php(70): GuzzleHttp\Middleware::GuzzleHttp\{closure}(Object(GuzzleHttp\Psr7\Request), Array)
#5 C:\ApiGateway\vendor\guzzlehttp\guzzle\src\Middleware.php(59): GuzzleHttp\RedirectMiddleware->__invoke(Object(GuzzleHttp\Psr7\Request), Array)
#6 C:\ApiGateway\vendor\guzzlehttp\guzzle\src\HandlerStack.php(71): GuzzleHttp\Middleware::GuzzleHttp\{closure}(Object(GuzzleHttp\Psr7\Request), Array)
#7 C:\ApiGateway\vendor\guzzlehttp\guzzle\src\Client.php(361): GuzzleHttp\HandlerStack->__invoke(Object(GuzzleHttp\Psr7\Request), Array)
#8 C:\ApiGateway\vendor\guzzlehttp\guzzle\src\Client.php(163): GuzzleHttp\Client->transfer(Object(GuzzleHttp\Psr7\Request), Array)
#9 C:\ApiGateway\vendor\guzzlehttp\guzzle\src\Client.php(183): GuzzleHttp\Client->requestAsync('GET', Object(GuzzleHttp\Psr7\Uri), Array)
#10 C:\ApiGateway\app\Traits\ConsumesExternalService.php(24): GuzzleHttp\Client->request('GET', '/videos/1', Array)
#11 C:\ApiGateway\app\Services\VideoService.php(46): App\Services\VideoService->performRequest('GET', '/videos/1')
#12 C:\ApiGateway\app\Http\Controllers\VideoController.php(58): App\Services\VideoService->obtainVideo('1')
#13 [internal function]: App\Http\Controllers\VideoController->show('1')
#14 C:\ApiGateway\vendor\illuminate\container\BoundMethod.php(29): call_user_func_array(Array, Array)
#15 C:\ApiGateway\vendor\illuminate\container\BoundMethod.php(87): Illuminate\Container\BoundMethod::Illuminate\Container\{closure}()
#16 C:\ApiGateway\vendor\illuminate\container\BoundMethod.php(31): Illuminate\Container\BoundMethod::callBoundMethod(Object(Laravel\Lumen\Application), Array, Object(Closure))
#17 C:\ApiGateway\vendor\illuminate\container\Container.php(572): Illuminate\Container\BoundMethod::call(Object(Laravel\Lumen\Application), Array, Array, NULL)
#18 C:\ApiGateway\vendor\laravel\lumen-framework\src\Concerns\RoutesRequests.php(378): Illuminate\Container\Container->call(Array, Array)
#19 C:\ApiGateway\vendor\laravel\lumen-framework\src\Concerns\RoutesRequests.php(344): Laravel\Lumen\Application->callControllerCallable(Array, Array)
#20 C:\ApiGateway\vendor\laravel\lumen-framework\src\Concerns\RoutesRequests.php(318): Laravel\Lumen\Application->callLumenController(Object(App\Http\Controllers\VideoController), 'show', Array)
#21 C:\ApiGateway\vendor\laravel\lumen-framework\src\Concerns\RoutesRequests.php(280): Laravel\Lumen\Application->callControllerAction(Array)
#22 C:\ApiGateway\vendor\laravel\lumen-framework\src\Concerns\RoutesRequests.php(265): Laravel\Lumen\Application->callActionOnArrayBasedRoute(Array)
#23 C:\ApiGateway\vendor\laravel\lumen-framework\src\Concerns\RoutesRequests.php(235): Laravel\Lumen\Application->handleFoundRoute(Array)
#24 C:\ApiGateway\vendor\laravel\lumen-framework\src\Concerns\RoutesRequests.php(169): Laravel\Lumen\Application->handleDispatcherResponse(Array)
#25 C:\ApiGateway\vendor\laravel\lumen-framework\src\Concerns\RoutesRequests.php(418): Laravel\Lumen\Application->Laravel\Lumen\Concerns\{closure}(Object(Laravel\Lumen\Http\Request))
#26 C:\ApiGateway\vendor\laravel\lumen-framework\src\Concerns\RoutesRequests.php(171): Laravel\Lumen\Application->sendThroughPipeline(Array, Object(Closure))
#27 C:\ApiGateway\vendor\laravel\lumen-framework\src\Concerns\RoutesRequests.php(108): Laravel\Lumen\Application->dispatch(NULL)
#28 C:\ApiGateway\public\index.php(28): Laravel\Lumen\Application->run()
#29 {main}

Next GuzzleHttp\Exception\RequestException: Error creating resource: [message] fopen(/videos/1): failed to open stream: No such file or directory
[file] C:\ApiGateway\vendor\guzzlehttp\guzzle\src\Handler\StreamHandler.php
[line] 323 in C:\ApiGateway\vendor\guzzlehttp\guzzle\src\Exception\RequestException.php:52
Stack trace:
#0 C:\ApiGateway\vendor\guzzlehttp\guzzle\src\Handler\StreamHandler.php(67): GuzzleHttp\Exception\RequestException::wrapException(Object(GuzzleHttp\Psr7\Request), Object(RuntimeException))
#1 C:\ApiGateway\vendor\guzzlehttp\guzzle\src\PrepareBodyMiddleware.php(37): GuzzleHttp\Handler\StreamHandler->__invoke(Object(GuzzleHttp\Psr7\Request), Array)
#2 C:\ApiGateway\vendor\guzzlehttp\guzzle\src\Middleware.php(29): GuzzleHttp\PrepareBodyMiddleware->__invoke(Object(GuzzleHttp\Psr7\Request), Array)
#3 C:\ApiGateway\vendor\guzzlehttp\guzzle\src\RedirectMiddleware.php(70): GuzzleHttp\Middleware::GuzzleHttp\{closure}(Object(GuzzleHttp\Psr7\Request), Array)
#4 C:\ApiGateway\vendor\guzzlehttp\guzzle\src\Middleware.php(59): GuzzleHttp\RedirectMiddleware->__invoke(Object(GuzzleHttp\Psr7\Request), Array)
#5 C:\ApiGateway\vendor\guzzlehttp\guzzle\src\HandlerStack.php(71): GuzzleHttp\Middleware::GuzzleHttp\{closure}(Object(GuzzleHttp\Psr7\Request), Array)
#6 C:\ApiGateway\vendor\guzzlehttp\guzzle\src\Client.php(361): GuzzleHttp\HandlerStack->__invoke(Object(GuzzleHttp\Psr7\Request), Array)
#7 C:\ApiGateway\vendor\guzzlehttp\guzzle\src\Client.php(163): GuzzleHttp\Client->transfer(Object(GuzzleHttp\Psr7\Request), Array)
#8 C:\ApiGateway\vendor\guzzlehttp\guzzle\src\Client.php(183): GuzzleHttp\Client->requestAsync('GET', Object(GuzzleHttp\Psr7\Uri), Array)
#9 C:\ApiGateway\app\Traits\ConsumesExternalService.php(24): GuzzleHttp\Client->request('GET', '/videos/1', Array)
#10 C:\ApiGateway\app\Services\VideoService.php(46): App\Services\VideoService->performRequest('GET', '/videos/1')
#11 C:\ApiGateway\app\Http\Controllers\VideoController.php(58): App\Services\VideoService->obtainVideo('1')
#12 [internal function]: App\Http\Controllers\VideoController->show('1')
#13 C:\ApiGateway\vendor\illuminate\container\BoundMethod.php(29): call_user_func_array(Array, Array)
#14 C:\ApiGateway\vendor\illuminate\container\BoundMethod.php(87): Illuminate\Container\BoundMethod::Illuminate\Container\{closure}()
#15 C:\ApiGateway\vendor\illuminate\container\BoundMethod.php(31): Illuminate\Container\BoundMethod::callBoundMethod(Object(Laravel\Lumen\Application), Array, Object(Closure))
#16 C:\ApiGateway\vendor\illuminate\container\Container.php(572): Illuminate\Container\BoundMethod::call(Object(Laravel\Lumen\Application), Array, Array, NULL)
#17 C:\ApiGateway\vendor\laravel\lumen-framework\src\Concerns\RoutesRequests.php(378): Illuminate\Container\Container->call(Array, Array)
#18 C:\ApiGateway\vendor\laravel\lumen-framework\src\Concerns\RoutesRequests.php(344): Laravel\Lumen\Application->callControllerCallable(Array, Array)
#19 C:\ApiGateway\vendor\laravel\lumen-framework\src\Concerns\RoutesRequests.php(318): Laravel\Lumen\Application->callLumenController(Object(App\Http\Controllers\VideoController), 'show', Array)
#20 C:\ApiGateway\vendor\laravel\lumen-framework\src\Concerns\RoutesRequests.php(280): Laravel\Lumen\Application->callControllerAction(Array)
#21 C:\ApiGateway\vendor\laravel\lumen-framework\src\Concerns\RoutesRequests.php(265): Laravel\Lumen\Application->callActionOnArrayBasedRoute(Array)
#22 C:\ApiGateway\vendor\laravel\lumen-framework\src\Concerns\RoutesRequests.php(235): Laravel\Lumen\Application->handleFoundRoute(Array)
#23 C:\ApiGateway\vendor\laravel\lumen-framework\src\Concerns\RoutesRequests.php(169): Laravel\Lumen\Application->handleDispatcherResponse(Array)
#24 C:\ApiGateway\vendor\laravel\lumen-framework\src\Concerns\RoutesRequests.php(418): Laravel\Lumen\Application->Laravel\Lumen\Concerns\{closure}(Object(Laravel\Lumen\Http\Request))
#25 C:\ApiGateway\vendor\laravel\lumen-framework\src\Concerns\RoutesRequests.php(171): Laravel\Lumen\Application->sendThroughPipeline(Array, Object(Closure))
#26 C:\ApiGateway\vendor\laravel\lumen-framework\src\Concerns\RoutesRequests.php(108): Laravel\Lumen\Application->dispatch(NULL)
#27 C:\ApiGateway\public\index.php(28): Laravel\Lumen\Application->run()
#28 {main} {"exception":"[object] (GuzzleHttp\\Exception\\RequestException(code: 0): Error creating resource: [message] fopen(/videos/1): failed to open stream: No such file or directory
[file] C:\\ApiGateway\\vendor\\guzzlehttp\\guzzle\\src\\Handler\\StreamHandler.php
[line] 323 at C:\\ApiGateway\\vendor\\guzzlehttp\\guzzle\\src\\Exception\\RequestException.php:52, RuntimeException(code: 0): Error creating resource: [message] fopen(/videos/1): failed to open stream: No such file or directory
[file] C:\\ApiGateway\\vendor\\guzzlehttp\\guzzle\\src\\Handler\\StreamHandler.php
[line] 323 at C:\\ApiGateway\\vendor\\guzzlehttp\\guzzle\\src\\Handler\\StreamHandler.php:252)
[stacktrace]
#0 C:\\ApiGateway\\vendor\\guzzlehttp\\guzzle\\src\\Handler\\StreamHandler.php(67): GuzzleHttp\\Exception\\RequestException::wrapException(Object(GuzzleHttp\\Psr7\\Request), Object(RuntimeException))
#1 C:\\ApiGateway\\vendor\\guzzlehttp\\guzzle\\src\\PrepareBodyMiddleware.php(37): GuzzleHttp\\Handler\\StreamHandler->__invoke(Object(GuzzleHttp\\Psr7\\Request), Array)
#2 C:\\ApiGateway\\vendor\\guzzlehttp\\guzzle\\src\\Middleware.php(29): GuzzleHttp\\PrepareBodyMiddleware->__invoke(Object(GuzzleHttp\\Psr7\\Request), Array)
#3 C:\\ApiGateway\\vendor\\guzzlehttp\\guzzle\\src\\RedirectMiddleware.php(70): GuzzleHttp\\Middleware::GuzzleHttp\\{closure}(Object(GuzzleHttp\\Psr7\\Request), Array)
#4 C:\\ApiGateway\\vendor\\guzzlehttp\\guzzle\\src\\Middleware.php(59): GuzzleHttp\\RedirectMiddleware->__invoke(Object(GuzzleHttp\\Psr7\\Request), Array)
#5 C:\\ApiGateway\\vendor\\guzzlehttp\\guzzle\\src\\HandlerStack.php(71): GuzzleHttp\\Middleware::GuzzleHttp\\{closure}(Object(GuzzleHttp\\Psr7\\Request), Array)
#6 C:\\ApiGateway\\vendor\\guzzlehttp\\guzzle\\src\\Client.php(361): GuzzleHttp\\HandlerStack->__invoke(Object(GuzzleHttp\\Psr7\\Request), Array)
#7 C:\\ApiGateway\\vendor\\guzzlehttp\\guzzle\\src\\Client.php(163): GuzzleHttp\\Client->transfer(Object(GuzzleHttp\\Psr7\\Request), Array)
#8 C:\\ApiGateway\\vendor\\guzzlehttp\\guzzle\\src\\Client.php(183): GuzzleHttp\\Client->requestAsync('GET', Object(GuzzleHttp\\Psr7\\Uri), Array)
#9 C:\\ApiGateway\\app\\Traits\\ConsumesExternalService.php(24): GuzzleHttp\\Client->request('GET', '/videos/1', Array)
#10 C:\\ApiGateway\\app\\Services\\VideoService.php(46): App\\Services\\VideoService->performRequest('GET', '/videos/1')
#11 C:\\ApiGateway\\app\\Http\\Controllers\\VideoController.php(58): App\\Services\\VideoService->obtainVideo('1')
#12 [internal function]: App\\Http\\Controllers\\VideoController->show('1')
#13 C:\\ApiGateway\\vendor\\illuminate\\container\\BoundMethod.php(29): call_user_func_array(Array, Array)
#14 C:\\ApiGateway\\vendor\\illuminate\\container\\BoundMethod.php(87): Illuminate\\Container\\BoundMethod::Illuminate\\Container\\{closure}()
#15 C:\\ApiGateway\\vendor\\illuminate\\container\\BoundMethod.php(31): Illuminate\\Container\\BoundMethod::callBoundMethod(Object(Laravel\\Lumen\\Application), Array, Object(Closure))
#16 C:\\ApiGateway\\vendor\\illuminate\\container\\Container.php(572): Illuminate\\Container\\BoundMethod::call(Object(Laravel\\Lumen\\Application), Array, Array, NULL)
#17 C:\\ApiGateway\\vendor\\laravel\\lumen-framework\\src\\Concerns\\RoutesRequests.php(378): Illuminate\\Container\\Container->call(Array, Array)
#18 C:\\ApiGateway\\vendor\\laravel\\lumen-framework\\src\\Concerns\\RoutesRequests.php(344): Laravel\\Lumen\\Application->callControllerCallable(Array, Array)
#19 C:\\ApiGateway\\vendor\\laravel\\lumen-framework\\src\\Concerns\\RoutesRequests.php(318): Laravel\\Lumen\\Application->callLumenController(Object(App\\Http\\Controllers\\VideoController), 'show', Array)
#20 C:\\ApiGateway\\vendor\\laravel\\lumen-framework\\src\\Concerns\\RoutesRequests.php(280): Laravel\\Lumen\\Application->callControllerAction(Array)
#21 C:\\ApiGateway\\vendor\\laravel\\lumen-framework\\src\\Concerns\\RoutesRequests.php(265): Laravel\\Lumen\\Application->callActionOnArrayBasedRoute(Array)
#22 C:\\ApiGateway\\vendor\\laravel\\lumen-framework\\src\\Concerns\\RoutesRequests.php(235): Laravel\\Lumen\\Application->handleFoundRoute(Array)
#23 C:\\ApiGateway\\vendor\\laravel\\lumen-framework\\src\\Concerns\\RoutesRequests.php(169): Laravel\\Lumen\\Application->handleDispatcherResponse(Array)
#24 C:\\ApiGateway\\vendor\\laravel\\lumen-framework\\src\\Concerns\\RoutesRequests.php(418): Laravel\\Lumen\\Application->Laravel\\Lumen\\Concerns\\{closure}(Object(Laravel\\Lumen\\Http\\Request))
#25 C:\\ApiGateway\\vendor\\laravel\\lumen-framework\\src\\Concerns\\RoutesRequests.php(171): Laravel\\Lumen\\Application->sendThroughPipeline(Array, Object(Closure))
#26 C:\\ApiGateway\\vendor\\laravel\\lumen-framework\\src\\Concerns\\RoutesRequests.php(108): Laravel\\Lumen\\Application->dispatch(NULL)
#27 C:\\ApiGateway\\public\\index.php(28): Laravel\\Lumen\\Application->run()
#28 {main}
"} 
[2020-01-07 19:26:37] local.ERROR: RuntimeException: Error creating resource: [message] fopen(/videos/1): failed to open stream: No such file or directory
[file] C:\ApiGateway\vendor\guzzlehttp\guzzle\src\Handler\StreamHandler.php
[line] 323 in C:\ApiGateway\vendor\guzzlehttp\guzzle\src\Handler\StreamHandler.php:252
Stack trace:
#0 C:\ApiGateway\vendor\guzzlehttp\guzzle\src\Handler\StreamHandler.php(334): GuzzleHttp\Handler\StreamHandler->createResource(Object(Closure))
#1 C:\ApiGateway\vendor\guzzlehttp\guzzle\src\Handler\StreamHandler.php(51): GuzzleHttp\Handler\StreamHandler->createStream(Object(GuzzleHttp\Psr7\Request), Array)
#2 C:\ApiGateway\vendor\guzzlehttp\guzzle\src\PrepareBodyMiddleware.php(37): GuzzleHttp\Handler\StreamHandler->__invoke(Object(GuzzleHttp\Psr7\Request), Array)
#3 C:\ApiGateway\vendor\guzzlehttp\guzzle\src\Middleware.php(29): GuzzleHttp\PrepareBodyMiddleware->__invoke(Object(GuzzleHttp\Psr7\Request), Array)
#4 C:\ApiGateway\vendor\guzzlehttp\guzzle\src\RedirectMiddleware.php(70): GuzzleHttp\Middleware::GuzzleHttp\{closure}(Object(GuzzleHttp\Psr7\Request), Array)
#5 C:\ApiGateway\vendor\guzzlehttp\guzzle\src\Middleware.php(59): GuzzleHttp\RedirectMiddleware->__invoke(Object(GuzzleHttp\Psr7\Request), Array)
#6 C:\ApiGateway\vendor\guzzlehttp\guzzle\src\HandlerStack.php(71): GuzzleHttp\Middleware::GuzzleHttp\{closure}(Object(GuzzleHttp\Psr7\Request), Array)
#7 C:\ApiGateway\vendor\guzzlehttp\guzzle\src\Client.php(361): GuzzleHttp\HandlerStack->__invoke(Object(GuzzleHttp\Psr7\Request), Array)
#8 C:\ApiGateway\vendor\guzzlehttp\guzzle\src\Client.php(163): GuzzleHttp\Client->transfer(Object(GuzzleHttp\Psr7\Request), Array)
#9 C:\ApiGateway\vendor\guzzlehttp\guzzle\src\Client.php(183): GuzzleHttp\Client->requestAsync('GET', Object(GuzzleHttp\Psr7\Uri), Array)
#10 C:\ApiGateway\app\Traits\ConsumesExternalService.php(24): GuzzleHttp\Client->request('GET', '/videos/1', Array)
#11 C:\ApiGateway\app\Services\VideoService.php(46): App\Services\VideoService->performRequest('GET', '/videos/1')
#12 C:\ApiGateway\app\Http\Controllers\VideoController.php(58): App\Services\VideoService->obtainVideo('1')
#13 [internal function]: App\Http\Controllers\VideoController->show('1')
#14 C:\ApiGateway\vendor\illuminate\container\BoundMethod.php(29): call_user_func_array(Array, Array)
#15 C:\ApiGateway\vendor\illuminate\container\BoundMethod.php(87): Illuminate\Container\BoundMethod::Illuminate\Container\{closure}()
#16 C:\ApiGateway\vendor\illuminate\container\BoundMethod.php(31): Illuminate\Container\BoundMethod::callBoundMethod(Object(Laravel\Lumen\Application), Array, Object(Closure))
#17 C:\ApiGateway\vendor\illuminate\container\Container.php(572): Illuminate\Container\BoundMethod::call(Object(Laravel\Lumen\Application), Array, Array, NULL)
#18 C:\ApiGateway\vendor\laravel\lumen-framework\src\Concerns\RoutesRequests.php(378): Illuminate\Container\Container->call(Array, Array)
#19 C:\ApiGateway\vendor\laravel\lumen-framework\src\Concerns\RoutesRequests.php(344): Laravel\Lumen\Application->callControllerCallable(Array, Array)
#20 C:\ApiGateway\vendor\laravel\lumen-framework\src\Concerns\RoutesRequests.php(318): Laravel\Lumen\Application->callLumenController(Object(App\Http\Controllers\VideoController), 'show', Array)
#21 C:\ApiGateway\vendor\laravel\lumen-framework\src\Concerns\RoutesRequests.php(280): Laravel\Lumen\Application->callControllerAction(Array)
#22 C:\ApiGateway\vendor\laravel\lumen-framework\src\Concerns\RoutesRequests.php(265): Laravel\Lumen\Application->callActionOnArrayBasedRoute(Array)
#23 C:\ApiGateway\vendor\laravel\lumen-framework\src\Concerns\RoutesRequests.php(235): Laravel\Lumen\Application->handleFoundRoute(Array)
#24 C:\ApiGateway\vendor\laravel\lumen-framework\src\Concerns\RoutesRequests.php(169): Laravel\Lumen\Application->handleDispatcherResponse(Array)
#25 C:\ApiGateway\vendor\laravel\lumen-framework\src\Concerns\RoutesRequests.php(418): Laravel\Lumen\Application->Laravel\Lumen\Concerns\{closure}(Object(Laravel\Lumen\Http\Request))
#26 C:\ApiGateway\vendor\laravel\lumen-framework\src\Concerns\RoutesRequests.php(171): Laravel\Lumen\Application->sendThroughPipeline(Array, Object(Closure))
#27 C:\ApiGateway\vendor\laravel\lumen-framework\src\Concerns\RoutesRequests.php(108): Laravel\Lumen\Application->dispatch(NULL)
#28 C:\ApiGateway\public\index.php(28): Laravel\Lumen\Application->run()
#29 {main}

Next GuzzleHttp\Exception\RequestException: Error creating resource: [message] fopen(/videos/1): failed to open stream: No such file or directory
[file] C:\ApiGateway\vendor\guzzlehttp\guzzle\src\Handler\StreamHandler.php
[line] 323 in C:\ApiGateway\vendor\guzzlehttp\guzzle\src\Exception\RequestException.php:52
Stack trace:
#0 C:\ApiGateway\vendor\guzzlehttp\guzzle\src\Handler\StreamHandler.php(67): GuzzleHttp\Exception\RequestException::wrapException(Object(GuzzleHttp\Psr7\Request), Object(RuntimeException))
#1 C:\ApiGateway\vendor\guzzlehttp\guzzle\src\PrepareBodyMiddleware.php(37): GuzzleHttp\Handler\StreamHandler->__invoke(Object(GuzzleHttp\Psr7\Request), Array)
#2 C:\ApiGateway\vendor\guzzlehttp\guzzle\src\Middleware.php(29): GuzzleHttp\PrepareBodyMiddleware->__invoke(Object(GuzzleHttp\Psr7\Request), Array)
#3 C:\ApiGateway\vendor\guzzlehttp\guzzle\src\RedirectMiddleware.php(70): GuzzleHttp\Middleware::GuzzleHttp\{closure}(Object(GuzzleHttp\Psr7\Request), Array)
#4 C:\ApiGateway\vendor\guzzlehttp\guzzle\src\Middleware.php(59): GuzzleHttp\RedirectMiddleware->__invoke(Object(GuzzleHttp\Psr7\Request), Array)
#5 C:\ApiGateway\vendor\guzzlehttp\guzzle\src\HandlerStack.php(71): GuzzleHttp\Middleware::GuzzleHttp\{closure}(Object(GuzzleHttp\Psr7\Request), Array)
#6 C:\ApiGateway\vendor\guzzlehttp\guzzle\src\Client.php(361): GuzzleHttp\HandlerStack->__invoke(Object(GuzzleHttp\Psr7\Request), Array)
#7 C:\ApiGateway\vendor\guzzlehttp\guzzle\src\Client.php(163): GuzzleHttp\Client->transfer(Object(GuzzleHttp\Psr7\Request), Array)
#8 C:\ApiGateway\vendor\guzzlehttp\guzzle\src\Client.php(183): GuzzleHttp\Client->requestAsync('GET', Object(GuzzleHttp\Psr7\Uri), Array)
#9 C:\ApiGateway\app\Traits\ConsumesExternalService.php(24): GuzzleHttp\Client->request('GET', '/videos/1', Array)
#10 C:\ApiGateway\app\Services\VideoService.php(46): App\Services\VideoService->performRequest('GET', '/videos/1')
#11 C:\ApiGateway\app\Http\Controllers\VideoController.php(58): App\Services\VideoService->obtainVideo('1')
#12 [internal function]: App\Http\Controllers\VideoController->show('1')
#13 C:\ApiGateway\vendor\illuminate\container\BoundMethod.php(29): call_user_func_array(Array, Array)
#14 C:\ApiGateway\vendor\illuminate\container\BoundMethod.php(87): Illuminate\Container\BoundMethod::Illuminate\Container\{closure}()
#15 C:\ApiGateway\vendor\illuminate\container\BoundMethod.php(31): Illuminate\Container\BoundMethod::callBoundMethod(Object(Laravel\Lumen\Application), Array, Object(Closure))
#16 C:\ApiGateway\vendor\illuminate\container\Container.php(572): Illuminate\Container\BoundMethod::call(Object(Laravel\Lumen\Application), Array, Array, NULL)
#17 C:\ApiGateway\vendor\laravel\lumen-framework\src\Concerns\RoutesRequests.php(378): Illuminate\Container\Container->call(Array, Array)
#18 C:\ApiGateway\vendor\laravel\lumen-framework\src\Concerns\RoutesRequests.php(344): Laravel\Lumen\Application->callControllerCallable(Array, Array)
#19 C:\ApiGateway\vendor\laravel\lumen-framework\src\Concerns\RoutesRequests.php(318): Laravel\Lumen\Application->callLumenController(Object(App\Http\Controllers\VideoController), 'show', Array)
#20 C:\ApiGateway\vendor\laravel\lumen-framework\src\Concerns\RoutesRequests.php(280): Laravel\Lumen\Application->callControllerAction(Array)
#21 C:\ApiGateway\vendor\laravel\lumen-framework\src\Concerns\RoutesRequests.php(265): Laravel\Lumen\Application->callActionOnArrayBasedRoute(Array)
#22 C:\ApiGateway\vendor\laravel\lumen-framework\src\Concerns\RoutesRequests.php(235): Laravel\Lumen\Application->handleFoundRoute(Array)
#23 C:\ApiGateway\vendor\laravel\lumen-framework\src\Concerns\RoutesRequests.php(169): Laravel\Lumen\Application->handleDispatcherResponse(Array)
#24 C:\ApiGateway\vendor\laravel\lumen-framework\src\Concerns\RoutesRequests.php(418): Laravel\Lumen\Application->Laravel\Lumen\Concerns\{closure}(Object(Laravel\Lumen\Http\Request))
#25 C:\ApiGateway\vendor\laravel\lumen-framework\src\Concerns\RoutesRequests.php(171): Laravel\Lumen\Application->sendThroughPipeline(Array, Object(Closure))
#26 C:\ApiGateway\vendor\laravel\lumen-framework\src\Concerns\RoutesRequests.php(108): Laravel\Lumen\Application->dispatch(NULL)
#27 C:\ApiGateway\public\index.php(28): Laravel\Lumen\Application->run()
#28 {main} {"exception":"[object] (GuzzleHttp\\Exception\\RequestException(code: 0): Error creating resource: [message] fopen(/videos/1): failed to open stream: No such file or directory
[file] C:\\ApiGateway\\vendor\\guzzlehttp\\guzzle\\src\\Handler\\StreamHandler.php
[line] 323 at C:\\ApiGateway\\vendor\\guzzlehttp\\guzzle\\src\\Exception\\RequestException.php:52, RuntimeException(code: 0): Error creating resource: [message] fopen(/videos/1): failed to open stream: No such file or directory
[file] C:\\ApiGateway\\vendor\\guzzlehttp\\guzzle\\src\\Handler\\StreamHandler.php
[line] 323 at C:\\ApiGateway\\vendor\\guzzlehttp\\guzzle\\src\\Handler\\StreamHandler.php:252)
[stacktrace]
#0 C:\\ApiGateway\\vendor\\guzzlehttp\\guzzle\\src\\Handler\\StreamHandler.php(67): GuzzleHttp\\Exception\\RequestException::wrapException(Object(GuzzleHttp\\Psr7\\Request), Object(RuntimeException))
#1 C:\\ApiGateway\\vendor\\guzzlehttp\\guzzle\\src\\PrepareBodyMiddleware.php(37): GuzzleHttp\\Handler\\StreamHandler->__invoke(Object(GuzzleHttp\\Psr7\\Request), Array)
#2 C:\\ApiGateway\\vendor\\guzzlehttp\\guzzle\\src\\Middleware.php(29): GuzzleHttp\\PrepareBodyMiddleware->__invoke(Object(GuzzleHttp\\Psr7\\Request), Array)
#3 C:\\ApiGateway\\vendor\\guzzlehttp\\guzzle\\src\\RedirectMiddleware.php(70): GuzzleHttp\\Middleware::GuzzleHttp\\{closure}(Object(GuzzleHttp\\Psr7\\Request), Array)
#4 C:\\ApiGateway\\vendor\\guzzlehttp\\guzzle\\src\\Middleware.php(59): GuzzleHttp\\RedirectMiddleware->__invoke(Object(GuzzleHttp\\Psr7\\Request), Array)
#5 C:\\ApiGateway\\vendor\\guzzlehttp\\guzzle\\src\\HandlerStack.php(71): GuzzleHttp\\Middleware::GuzzleHttp\\{closure}(Object(GuzzleHttp\\Psr7\\Request), Array)
#6 C:\\ApiGateway\\vendor\\guzzlehttp\\guzzle\\src\\Client.php(361): GuzzleHttp\\HandlerStack->__invoke(Object(GuzzleHttp\\Psr7\\Request), Array)
#7 C:\\ApiGateway\\vendor\\guzzlehttp\\guzzle\\src\\Client.php(163): GuzzleHttp\\Client->transfer(Object(GuzzleHttp\\Psr7\\Request), Array)
#8 C:\\ApiGateway\\vendor\\guzzlehttp\\guzzle\\src\\Client.php(183): GuzzleHttp\\Client->requestAsync('GET', Object(GuzzleHttp\\Psr7\\Uri), Array)
#9 C:\\ApiGateway\\app\\Traits\\ConsumesExternalService.php(24): GuzzleHttp\\Client->request('GET', '/videos/1', Array)
#10 C:\\ApiGateway\\app\\Services\\VideoService.php(46): App\\Services\\VideoService->performRequest('GET', '/videos/1')
#11 C:\\ApiGateway\\app\\Http\\Controllers\\VideoController.php(58): App\\Services\\VideoService->obtainVideo('1')
#12 [internal function]: App\\Http\\Controllers\\VideoController->show('1')
#13 C:\\ApiGateway\\vendor\\illuminate\\container\\BoundMethod.php(29): call_user_func_array(Array, Array)
#14 C:\\ApiGateway\\vendor\\illuminate\\container\\BoundMethod.php(87): Illuminate\\Container\\BoundMethod::Illuminate\\Container\\{closure}()
#15 C:\\ApiGateway\\vendor\\illuminate\\container\\BoundMethod.php(31): Illuminate\\Container\\BoundMethod::callBoundMethod(Object(Laravel\\Lumen\\Application), Array, Object(Closure))
#16 C:\\ApiGateway\\vendor\\illuminate\\container\\Container.php(572): Illuminate\\Container\\BoundMethod::call(Object(Laravel\\Lumen\\Application), Array, Array, NULL)
#17 C:\\ApiGateway\\vendor\\laravel\\lumen-framework\\src\\Concerns\\RoutesRequests.php(378): Illuminate\\Container\\Container->call(Array, Array)
#18 C:\\ApiGateway\\vendor\\laravel\\lumen-framework\\src\\Concerns\\RoutesRequests.php(344): Laravel\\Lumen\\Application->callControllerCallable(Array, Array)
#19 C:\\ApiGateway\\vendor\\laravel\\lumen-framework\\src\\Concerns\\RoutesRequests.php(318): Laravel\\Lumen\\Application->callLumenController(Object(App\\Http\\Controllers\\VideoController), 'show', Array)
#20 C:\\ApiGateway\\vendor\\laravel\\lumen-framework\\src\\Concerns\\RoutesRequests.php(280): Laravel\\Lumen\\Application->callControllerAction(Array)
#21 C:\\ApiGateway\\vendor\\laravel\\lumen-framework\\src\\Concerns\\RoutesRequests.php(265): Laravel\\Lumen\\Application->callActionOnArrayBasedRoute(Array)
#22 C:\\ApiGateway\\vendor\\laravel\\lumen-framework\\src\\Concerns\\RoutesRequests.php(235): Laravel\\Lumen\\Application->handleFoundRoute(Array)
#23 C:\\ApiGateway\\vendor\\laravel\\lumen-framework\\src\\Concerns\\RoutesRequests.php(169): Laravel\\Lumen\\Application->handleDispatcherResponse(Array)
#24 C:\\ApiGateway\\vendor\\laravel\\lumen-framework\\src\\Concerns\\RoutesRequests.php(418): Laravel\\Lumen\\Application->Laravel\\Lumen\\Concerns\\{closure}(Object(Laravel\\Lumen\\Http\\Request))
#25 C:\\ApiGateway\\vendor\\laravel\\lumen-framework\\src\\Concerns\\RoutesRequests.php(171): Laravel\\Lumen\\Application->sendThroughPipeline(Array, Object(Closure))
#26 C:\\ApiGateway\\vendor\\laravel\\lumen-framework\\src\\Concerns\\RoutesRequests.php(108): Laravel\\Lumen\\Application->dispatch(NULL)
#27 C:\\ApiGateway\\public\\index.php(28): Laravel\\Lumen\\Application->run()
#28 {main}
"} 
[2020-01-07 19:26:46] local.ERROR: RuntimeException: Error creating resource: [message] fopen(/videos): failed to open stream: No such file or directory
[file] C:\ApiGateway\vendor\guzzlehttp\guzzle\src\Handler\StreamHandler.php
[line] 323 in C:\ApiGateway\vendor\guzzlehttp\guzzle\src\Handler\StreamHandler.php:252
Stack trace:
#0 C:\ApiGateway\vendor\guzzlehttp\guzzle\src\Handler\StreamHandler.php(334): GuzzleHttp\Handler\StreamHandler->createResource(Object(Closure))
#1 C:\ApiGateway\vendor\guzzlehttp\guzzle\src\Handler\StreamHandler.php(51): GuzzleHttp\Handler\StreamHandler->createStream(Object(GuzzleHttp\Psr7\Request), Array)
#2 C:\ApiGateway\vendor\guzzlehttp\guzzle\src\PrepareBodyMiddleware.php(37): GuzzleHttp\Handler\StreamHandler->__invoke(Object(GuzzleHttp\Psr7\Request), Array)
#3 C:\ApiGateway\vendor\guzzlehttp\guzzle\src\Middleware.php(29): GuzzleHttp\PrepareBodyMiddleware->__invoke(Object(GuzzleHttp\Psr7\Request), Array)
#4 C:\ApiGateway\vendor\guzzlehttp\guzzle\src\RedirectMiddleware.php(70): GuzzleHttp\Middleware::GuzzleHttp\{closure}(Object(GuzzleHttp\Psr7\Request), Array)
#5 C:\ApiGateway\vendor\guzzlehttp\guzzle\src\Middleware.php(59): GuzzleHttp\RedirectMiddleware->__invoke(Object(GuzzleHttp\Psr7\Request), Array)
#6 C:\ApiGateway\vendor\guzzlehttp\guzzle\src\HandlerStack.php(71): GuzzleHttp\Middleware::GuzzleHttp\{closure}(Object(GuzzleHttp\Psr7\Request), Array)
#7 C:\ApiGateway\vendor\guzzlehttp\guzzle\src\Client.php(361): GuzzleHttp\HandlerStack->__invoke(Object(GuzzleHttp\Psr7\Request), Array)
#8 C:\ApiGateway\vendor\guzzlehttp\guzzle\src\Client.php(163): GuzzleHttp\Client->transfer(Object(GuzzleHttp\Psr7\Request), Array)
#9 C:\ApiGateway\vendor\guzzlehttp\guzzle\src\Client.php(183): GuzzleHttp\Client->requestAsync('GET', Object(GuzzleHttp\Psr7\Uri), Array)
#10 C:\ApiGateway\app\Traits\ConsumesExternalService.php(24): GuzzleHttp\Client->request('GET', '/videos', Array)
#11 C:\ApiGateway\app\Services\VideoService.php(28): App\Services\VideoService->performRequest('GET', '/videos')
#12 C:\ApiGateway\app\Http\Controllers\VideoController.php(37): App\Services\VideoService->obtainVideos()
#13 [internal function]: App\Http\Controllers\VideoController->index()
#14 C:\ApiGateway\vendor\illuminate\container\BoundMethod.php(29): call_user_func_array(Array, Array)
#15 C:\ApiGateway\vendor\illuminate\container\BoundMethod.php(87): Illuminate\Container\BoundMethod::Illuminate\Container\{closure}()
#16 C:\ApiGateway\vendor\illuminate\container\BoundMethod.php(31): Illuminate\Container\BoundMethod::callBoundMethod(Object(Laravel\Lumen\Application), Array, Object(Closure))
#17 C:\ApiGateway\vendor\illuminate\container\Container.php(572): Illuminate\Container\BoundMethod::call(Object(Laravel\Lumen\Application), Array, Array, NULL)
#18 C:\ApiGateway\vendor\laravel\lumen-framework\src\Concerns\RoutesRequests.php(378): Illuminate\Container\Container->call(Array, Array)
#19 C:\ApiGateway\vendor\laravel\lumen-framework\src\Concerns\RoutesRequests.php(344): Laravel\Lumen\Application->callControllerCallable(Array, Array)
#20 C:\ApiGateway\vendor\laravel\lumen-framework\src\Concerns\RoutesRequests.php(318): Laravel\Lumen\Application->callLumenController(Object(App\Http\Controllers\VideoController), 'index', Array)
#21 C:\ApiGateway\vendor\laravel\lumen-framework\src\Concerns\RoutesRequests.php(280): Laravel\Lumen\Application->callControllerAction(Array)
#22 C:\ApiGateway\vendor\laravel\lumen-framework\src\Concerns\RoutesRequests.php(265): Laravel\Lumen\Application->callActionOnArrayBasedRoute(Array)
#23 C:\ApiGateway\vendor\laravel\lumen-framework\src\Concerns\RoutesRequests.php(165): Laravel\Lumen\Application->handleFoundRoute(Array)
#24 C:\ApiGateway\vendor\laravel\lumen-framework\src\Concerns\RoutesRequests.php(418): Laravel\Lumen\Application->Laravel\Lumen\Concerns\{closure}(Object(Laravel\Lumen\Http\Request))
#25 C:\ApiGateway\vendor\laravel\lumen-framework\src\Concerns\RoutesRequests.php(171): Laravel\Lumen\Application->sendThroughPipeline(Array, Object(Closure))
#26 C:\ApiGateway\vendor\laravel\lumen-framework\src\Concerns\RoutesRequests.php(108): Laravel\Lumen\Application->dispatch(NULL)
#27 C:\ApiGateway\public\index.php(28): Laravel\Lumen\Application->run()
#28 {main}

Next GuzzleHttp\Exception\RequestException: Error creating resource: [message] fopen(/videos): failed to open stream: No such file or directory
[file] C:\ApiGateway\vendor\guzzlehttp\guzzle\src\Handler\StreamHandler.php
[line] 323 in C:\ApiGateway\vendor\guzzlehttp\guzzle\src\Exception\RequestException.php:52
Stack trace:
#0 C:\ApiGateway\vendor\guzzlehttp\guzzle\src\Handler\StreamHandler.php(67): GuzzleHttp\Exception\RequestException::wrapException(Object(GuzzleHttp\Psr7\Request), Object(RuntimeException))
#1 C:\ApiGateway\vendor\guzzlehttp\guzzle\src\PrepareBodyMiddleware.php(37): GuzzleHttp\Handler\StreamHandler->__invoke(Object(GuzzleHttp\Psr7\Request), Array)
#2 C:\ApiGateway\vendor\guzzlehttp\guzzle\src\Middleware.php(29): GuzzleHttp\PrepareBodyMiddleware->__invoke(Object(GuzzleHttp\Psr7\Request), Array)
#3 C:\ApiGateway\vendor\guzzlehttp\guzzle\src\RedirectMiddleware.php(70): GuzzleHttp\Middleware::GuzzleHttp\{closure}(Object(GuzzleHttp\Psr7\Request), Array)
#4 C:\ApiGateway\vendor\guzzlehttp\guzzle\src\Middleware.php(59): GuzzleHttp\RedirectMiddleware->__invoke(Object(GuzzleHttp\Psr7\Request), Array)
#5 C:\ApiGateway\vendor\guzzlehttp\guzzle\src\HandlerStack.php(71): GuzzleHttp\Middleware::GuzzleHttp\{closure}(Object(GuzzleHttp\Psr7\Request), Array)
#6 C:\ApiGateway\vendor\guzzlehttp\guzzle\src\Client.php(361): GuzzleHttp\HandlerStack->__invoke(Object(GuzzleHttp\Psr7\Request), Array)
#7 C:\ApiGateway\vendor\guzzlehttp\guzzle\src\Client.php(163): GuzzleHttp\Client->transfer(Object(GuzzleHttp\Psr7\Request), Array)
#8 C:\ApiGateway\vendor\guzzlehttp\guzzle\src\Client.php(183): GuzzleHttp\Client->requestAsync('GET', Object(GuzzleHttp\Psr7\Uri), Array)
#9 C:\ApiGateway\app\Traits\ConsumesExternalService.php(24): GuzzleHttp\Client->request('GET', '/videos', Array)
#10 C:\ApiGateway\app\Services\VideoService.php(28): App\Services\VideoService->performRequest('GET', '/videos')
#11 C:\ApiGateway\app\Http\Controllers\VideoController.php(37): App\Services\VideoService->obtainVideos()
#12 [internal function]: App\Http\Controllers\VideoController->index()
#13 C:\ApiGateway\vendor\illuminate\container\BoundMethod.php(29): call_user_func_array(Array, Array)
#14 C:\ApiGateway\vendor\illuminate\container\BoundMethod.php(87): Illuminate\Container\BoundMethod::Illuminate\Container\{closure}()
#15 C:\ApiGateway\vendor\illuminate\container\BoundMethod.php(31): Illuminate\Container\BoundMethod::callBoundMethod(Object(Laravel\Lumen\Application), Array, Object(Closure))
#16 C:\ApiGateway\vendor\illuminate\container\Container.php(572): Illuminate\Container\BoundMethod::call(Object(Laravel\Lumen\Application), Array, Array, NULL)
#17 C:\ApiGateway\vendor\laravel\lumen-framework\src\Concerns\RoutesRequests.php(378): Illuminate\Container\Container->call(Array, Array)
#18 C:\ApiGateway\vendor\laravel\lumen-framework\src\Concerns\RoutesRequests.php(344): Laravel\Lumen\Application->callControllerCallable(Array, Array)
#19 C:\ApiGateway\vendor\laravel\lumen-framework\src\Concerns\RoutesRequests.php(318): Laravel\Lumen\Application->callLumenController(Object(App\Http\Controllers\VideoController), 'index', Array)
#20 C:\ApiGateway\vendor\laravel\lumen-framework\src\Concerns\RoutesRequests.php(280): Laravel\Lumen\Application->callControllerAction(Array)
#21 C:\ApiGateway\vendor\laravel\lumen-framework\src\Concerns\RoutesRequests.php(265): Laravel\Lumen\Application->callActionOnArrayBasedRoute(Array)
#22 C:\ApiGateway\vendor\laravel\lumen-framework\src\Concerns\RoutesRequests.php(165): Laravel\Lumen\Application->handleFoundRoute(Array)
#23 C:\ApiGateway\vendor\laravel\lumen-framework\src\Concerns\RoutesRequests.php(418): Laravel\Lumen\Application->Laravel\Lumen\Concerns\{closure}(Object(Laravel\Lumen\Http\Request))
#24 C:\ApiGateway\vendor\laravel\lumen-framework\src\Concerns\RoutesRequests.php(171): Laravel\Lumen\Application->sendThroughPipeline(Array, Object(Closure))
#25 C:\ApiGateway\vendor\laravel\lumen-framework\src\Concerns\RoutesRequests.php(108): Laravel\Lumen\Application->dispatch(NULL)
#26 C:\ApiGateway\public\index.php(28): Laravel\Lumen\Application->run()
#27 {main} {"exception":"[object] (GuzzleHttp\\Exception\\RequestException(code: 0): Error creating resource: [message] fopen(/videos): failed to open stream: No such file or directory
[file] C:\\ApiGateway\\vendor\\guzzlehttp\\guzzle\\src\\Handler\\StreamHandler.php
[line] 323 at C:\\ApiGateway\\vendor\\guzzlehttp\\guzzle\\src\\Exception\\RequestException.php:52, RuntimeException(code: 0): Error creating resource: [message] fopen(/videos): failed to open stream: No such file or directory
[file] C:\\ApiGateway\\vendor\\guzzlehttp\\guzzle\\src\\Handler\\StreamHandler.php
[line] 323 at C:\\ApiGateway\\vendor\\guzzlehttp\\guzzle\\src\\Handler\\StreamHandler.php:252)
[stacktrace]
#0 C:\\ApiGateway\\vendor\\guzzlehttp\\guzzle\\src\\Handler\\StreamHandler.php(67): GuzzleHttp\\Exception\\RequestException::wrapException(Object(GuzzleHttp\\Psr7\\Request), Object(RuntimeException))
#1 C:\\ApiGateway\\vendor\\guzzlehttp\\guzzle\\src\\PrepareBodyMiddleware.php(37): GuzzleHttp\\Handler\\StreamHandler->__invoke(Object(GuzzleHttp\\Psr7\\Request), Array)
#2 C:\\ApiGateway\\vendor\\guzzlehttp\\guzzle\\src\\Middleware.php(29): GuzzleHttp\\PrepareBodyMiddleware->__invoke(Object(GuzzleHttp\\Psr7\\Request), Array)
#3 C:\\ApiGateway\\vendor\\guzzlehttp\\guzzle\\src\\RedirectMiddleware.php(70): GuzzleHttp\\Middleware::GuzzleHttp\\{closure}(Object(GuzzleHttp\\Psr7\\Request), Array)
#4 C:\\ApiGateway\\vendor\\guzzlehttp\\guzzle\\src\\Middleware.php(59): GuzzleHttp\\RedirectMiddleware->__invoke(Object(GuzzleHttp\\Psr7\\Request), Array)
#5 C:\\ApiGateway\\vendor\\guzzlehttp\\guzzle\\src\\HandlerStack.php(71): GuzzleHttp\\Middleware::GuzzleHttp\\{closure}(Object(GuzzleHttp\\Psr7\\Request), Array)
#6 C:\\ApiGateway\\vendor\\guzzlehttp\\guzzle\\src\\Client.php(361): GuzzleHttp\\HandlerStack->__invoke(Object(GuzzleHttp\\Psr7\\Request), Array)
#7 C:\\ApiGateway\\vendor\\guzzlehttp\\guzzle\\src\\Client.php(163): GuzzleHttp\\Client->transfer(Object(GuzzleHttp\\Psr7\\Request), Array)
#8 C:\\ApiGateway\\vendor\\guzzlehttp\\guzzle\\src\\Client.php(183): GuzzleHttp\\Client->requestAsync('GET', Object(GuzzleHttp\\Psr7\\Uri), Array)
#9 C:\\ApiGateway\\app\\Traits\\ConsumesExternalService.php(24): GuzzleHttp\\Client->request('GET', '/videos', Array)
#10 C:\\ApiGateway\\app\\Services\\VideoService.php(28): App\\Services\\VideoService->performRequest('GET', '/videos')
#11 C:\\ApiGateway\\app\\Http\\Controllers\\VideoController.php(37): App\\Services\\VideoService->obtainVideos()
#12 [internal function]: App\\Http\\Controllers\\VideoController->index()
#13 C:\\ApiGateway\\vendor\\illuminate\\container\\BoundMethod.php(29): call_user_func_array(Array, Array)
#14 C:\\ApiGateway\\vendor\\illuminate\\container\\BoundMethod.php(87): Illuminate\\Container\\BoundMethod::Illuminate\\Container\\{closure}()
#15 C:\\ApiGateway\\vendor\\illuminate\\container\\BoundMethod.php(31): Illuminate\\Container\\BoundMethod::callBoundMethod(Object(Laravel\\Lumen\\Application), Array, Object(Closure))
#16 C:\\ApiGateway\\vendor\\illuminate\\container\\Container.php(572): Illuminate\\Container\\BoundMethod::call(Object(Laravel\\Lumen\\Application), Array, Array, NULL)
#17 C:\\ApiGateway\\vendor\\laravel\\lumen-framework\\src\\Concerns\\RoutesRequests.php(378): Illuminate\\Container\\Container->call(Array, Array)
#18 C:\\ApiGateway\\vendor\\laravel\\lumen-framework\\src\\Concerns\\RoutesRequests.php(344): Laravel\\Lumen\\Application->callControllerCallable(Array, Array)
#19 C:\\ApiGateway\\vendor\\laravel\\lumen-framework\\src\\Concerns\\RoutesRequests.php(318): Laravel\\Lumen\\Application->callLumenController(Object(App\\Http\\Controllers\\VideoController), 'index', Array)
#20 C:\\ApiGateway\\vendor\\laravel\\lumen-framework\\src\\Concerns\\RoutesRequests.php(280): Laravel\\Lumen\\Application->callControllerAction(Array)
#21 C:\\ApiGateway\\vendor\\laravel\\lumen-framework\\src\\Concerns\\RoutesRequests.php(265): Laravel\\Lumen\\Application->callActionOnArrayBasedRoute(Array)
#22 C:\\ApiGateway\\vendor\\laravel\\lumen-framework\\src\\Concerns\\RoutesRequests.php(165): Laravel\\Lumen\\Application->handleFoundRoute(Array)
#23 C:\\ApiGateway\\vendor\\laravel\\lumen-framework\\src\\Concerns\\RoutesRequests.php(418): Laravel\\Lumen\\Application->Laravel\\Lumen\\Concerns\\{closure}(Object(Laravel\\Lumen\\Http\\Request))
#24 C:\\ApiGateway\\vendor\\laravel\\lumen-framework\\src\\Concerns\\RoutesRequests.php(171): Laravel\\Lumen\\Application->sendThroughPipeline(Array, Object(Closure))
#25 C:\\ApiGateway\\vendor\\laravel\\lumen-framework\\src\\Concerns\\RoutesRequests.php(108): Laravel\\Lumen\\Application->dispatch(NULL)
#26 C:\\ApiGateway\\public\\index.php(28): Laravel\\Lumen\\Application->run()
#27 {main}
"} 
[2020-01-07 19:26:52] local.ERROR: RuntimeException: Error creating resource: [message] fopen(/videos/1): failed to open stream: No such file or directory
[file] C:\ApiGateway\vendor\guzzlehttp\guzzle\src\Handler\StreamHandler.php
[line] 323 in C:\ApiGateway\vendor\guzzlehttp\guzzle\src\Handler\StreamHandler.php:252
Stack trace:
#0 C:\ApiGateway\vendor\guzzlehttp\guzzle\src\Handler\StreamHandler.php(334): GuzzleHttp\Handler\StreamHandler->createResource(Object(Closure))
#1 C:\ApiGateway\vendor\guzzlehttp\guzzle\src\Handler\StreamHandler.php(51): GuzzleHttp\Handler\StreamHandler->createStream(Object(GuzzleHttp\Psr7\Request), Array)
#2 C:\ApiGateway\vendor\guzzlehttp\guzzle\src\PrepareBodyMiddleware.php(37): GuzzleHttp\Handler\StreamHandler->__invoke(Object(GuzzleHttp\Psr7\Request), Array)
#3 C:\ApiGateway\vendor\guzzlehttp\guzzle\src\Middleware.php(29): GuzzleHttp\PrepareBodyMiddleware->__invoke(Object(GuzzleHttp\Psr7\Request), Array)
#4 C:\ApiGateway\vendor\guzzlehttp\guzzle\src\RedirectMiddleware.php(70): GuzzleHttp\Middleware::GuzzleHttp\{closure}(Object(GuzzleHttp\Psr7\Request), Array)
#5 C:\ApiGateway\vendor\guzzlehttp\guzzle\src\Middleware.php(59): GuzzleHttp\RedirectMiddleware->__invoke(Object(GuzzleHttp\Psr7\Request), Array)
#6 C:\ApiGateway\vendor\guzzlehttp\guzzle\src\HandlerStack.php(71): GuzzleHttp\Middleware::GuzzleHttp\{closure}(Object(GuzzleHttp\Psr7\Request), Array)
#7 C:\ApiGateway\vendor\guzzlehttp\guzzle\src\Client.php(361): GuzzleHttp\HandlerStack->__invoke(Object(GuzzleHttp\Psr7\Request), Array)
#8 C:\ApiGateway\vendor\guzzlehttp\guzzle\src\Client.php(163): GuzzleHttp\Client->transfer(Object(GuzzleHttp\Psr7\Request), Array)
#9 C:\ApiGateway\vendor\guzzlehttp\guzzle\src\Client.php(183): GuzzleHttp\Client->requestAsync('GET', Object(GuzzleHttp\Psr7\Uri), Array)
#10 C:\ApiGateway\app\Traits\ConsumesExternalService.php(24): GuzzleHttp\Client->request('GET', '/videos/1', Array)
#11 C:\ApiGateway\app\Services\VideoService.php(46): App\Services\VideoService->performRequest('GET', '/videos/1')
#12 C:\ApiGateway\app\Http\Controllers\VideoController.php(58): App\Services\VideoService->obtainVideo('1')
#13 [internal function]: App\Http\Controllers\VideoController->show('1')
#14 C:\ApiGateway\vendor\illuminate\container\BoundMethod.php(29): call_user_func_array(Array, Array)
#15 C:\ApiGateway\vendor\illuminate\container\BoundMethod.php(87): Illuminate\Container\BoundMethod::Illuminate\Container\{closure}()
#16 C:\ApiGateway\vendor\illuminate\container\BoundMethod.php(31): Illuminate\Container\BoundMethod::callBoundMethod(Object(Laravel\Lumen\Application), Array, Object(Closure))
#17 C:\ApiGateway\vendor\illuminate\container\Container.php(572): Illuminate\Container\BoundMethod::call(Object(Laravel\Lumen\Application), Array, Array, NULL)
#18 C:\ApiGateway\vendor\laravel\lumen-framework\src\Concerns\RoutesRequests.php(378): Illuminate\Container\Container->call(Array, Array)
#19 C:\ApiGateway\vendor\laravel\lumen-framework\src\Concerns\RoutesRequests.php(344): Laravel\Lumen\Application->callControllerCallable(Array, Array)
#20 C:\ApiGateway\vendor\laravel\lumen-framework\src\Concerns\RoutesRequests.php(318): Laravel\Lumen\Application->callLumenController(Object(App\Http\Controllers\VideoController), 'show', Array)
#21 C:\ApiGateway\vendor\laravel\lumen-framework\src\Concerns\RoutesRequests.php(280): Laravel\Lumen\Application->callControllerAction(Array)
#22 C:\ApiGateway\vendor\laravel\lumen-framework\src\Concerns\RoutesRequests.php(265): Laravel\Lumen\Application->callActionOnArrayBasedRoute(Array)
#23 C:\ApiGateway\vendor\laravel\lumen-framework\src\Concerns\RoutesRequests.php(235): Laravel\Lumen\Application->handleFoundRoute(Array)
#24 C:\ApiGateway\vendor\laravel\lumen-framework\src\Concerns\RoutesRequests.php(169): Laravel\Lumen\Application->handleDispatcherResponse(Array)
#25 C:\ApiGateway\vendor\laravel\lumen-framework\src\Concerns\RoutesRequests.php(418): Laravel\Lumen\Application->Laravel\Lumen\Concerns\{closure}(Object(Laravel\Lumen\Http\Request))
#26 C:\ApiGateway\vendor\laravel\lumen-framework\src\Concerns\RoutesRequests.php(171): Laravel\Lumen\Application->sendThroughPipeline(Array, Object(Closure))
#27 C:\ApiGateway\vendor\laravel\lumen-framework\src\Concerns\RoutesRequests.php(108): Laravel\Lumen\Application->dispatch(NULL)
#28 C:\ApiGateway\public\index.php(28): Laravel\Lumen\Application->run()
#29 {main}

Next GuzzleHttp\Exception\RequestException: Error creating resource: [message] fopen(/videos/1): failed to open stream: No such file or directory
[file] C:\ApiGateway\vendor\guzzlehttp\guzzle\src\Handler\StreamHandler.php
[line] 323 in C:\ApiGateway\vendor\guzzlehttp\guzzle\src\Exception\RequestException.php:52
Stack trace:
#0 C:\ApiGateway\vendor\guzzlehttp\guzzle\src\Handler\StreamHandler.php(67): GuzzleHttp\Exception\RequestException::wrapException(Object(GuzzleHttp\Psr7\Request), Object(RuntimeException))
#1 C:\ApiGateway\vendor\guzzlehttp\guzzle\src\PrepareBodyMiddleware.php(37): GuzzleHttp\Handler\StreamHandler->__invoke(Object(GuzzleHttp\Psr7\Request), Array)
#2 C:\ApiGateway\vendor\guzzlehttp\guzzle\src\Middleware.php(29): GuzzleHttp\PrepareBodyMiddleware->__invoke(Object(GuzzleHttp\Psr7\Request), Array)
#3 C:\ApiGateway\vendor\guzzlehttp\guzzle\src\RedirectMiddleware.php(70): GuzzleHttp\Middleware::GuzzleHttp\{closure}(Object(GuzzleHttp\Psr7\Request), Array)
#4 C:\ApiGateway\vendor\guzzlehttp\guzzle\src\Middleware.php(59): GuzzleHttp\RedirectMiddleware->__invoke(Object(GuzzleHttp\Psr7\Request), Array)
#5 C:\ApiGateway\vendor\guzzlehttp\guzzle\src\HandlerStack.php(71): GuzzleHttp\Middleware::GuzzleHttp\{closure}(Object(GuzzleHttp\Psr7\Request), Array)
#6 C:\ApiGateway\vendor\guzzlehttp\guzzle\src\Client.php(361): GuzzleHttp\HandlerStack->__invoke(Object(GuzzleHttp\Psr7\Request), Array)
#7 C:\ApiGateway\vendor\guzzlehttp\guzzle\src\Client.php(163): GuzzleHttp\Client->transfer(Object(GuzzleHttp\Psr7\Request), Array)
#8 C:\ApiGateway\vendor\guzzlehttp\guzzle\src\Client.php(183): GuzzleHttp\Client->requestAsync('GET', Object(GuzzleHttp\Psr7\Uri), Array)
#9 C:\ApiGateway\app\Traits\ConsumesExternalService.php(24): GuzzleHttp\Client->request('GET', '/videos/1', Array)
#10 C:\ApiGateway\app\Services\VideoService.php(46): App\Services\VideoService->performRequest('GET', '/videos/1')
#11 C:\ApiGateway\app\Http\Controllers\VideoController.php(58): App\Services\VideoService->obtainVideo('1')
#12 [internal function]: App\Http\Controllers\VideoController->show('1')
#13 C:\ApiGateway\vendor\illuminate\container\BoundMethod.php(29): call_user_func_array(Array, Array)
#14 C:\ApiGateway\vendor\illuminate\container\BoundMethod.php(87): Illuminate\Container\BoundMethod::Illuminate\Container\{closure}()
#15 C:\ApiGateway\vendor\illuminate\container\BoundMethod.php(31): Illuminate\Container\BoundMethod::callBoundMethod(Object(Laravel\Lumen\Application), Array, Object(Closure))
#16 C:\ApiGateway\vendor\illuminate\container\Container.php(572): Illuminate\Container\BoundMethod::call(Object(Laravel\Lumen\Application), Array, Array, NULL)
#17 C:\ApiGateway\vendor\laravel\lumen-framework\src\Concerns\RoutesRequests.php(378): Illuminate\Container\Container->call(Array, Array)
#18 C:\ApiGateway\vendor\laravel\lumen-framework\src\Concerns\RoutesRequests.php(344): Laravel\Lumen\Application->callControllerCallable(Array, Array)
#19 C:\ApiGateway\vendor\laravel\lumen-framework\src\Concerns\RoutesRequests.php(318): Laravel\Lumen\Application->callLumenController(Object(App\Http\Controllers\VideoController), 'show', Array)
#20 C:\ApiGateway\vendor\laravel\lumen-framework\src\Concerns\RoutesRequests.php(280): Laravel\Lumen\Application->callControllerAction(Array)
#21 C:\ApiGateway\vendor\laravel\lumen-framework\src\Concerns\RoutesRequests.php(265): Laravel\Lumen\Application->callActionOnArrayBasedRoute(Array)
#22 C:\ApiGateway\vendor\laravel\lumen-framework\src\Concerns\RoutesRequests.php(235): Laravel\Lumen\Application->handleFoundRoute(Array)
#23 C:\ApiGateway\vendor\laravel\lumen-framework\src\Concerns\RoutesRequests.php(169): Laravel\Lumen\Application->handleDispatcherResponse(Array)
#24 C:\ApiGateway\vendor\laravel\lumen-framework\src\Concerns\RoutesRequests.php(418): Laravel\Lumen\Application->Laravel\Lumen\Concerns\{closure}(Object(Laravel\Lumen\Http\Request))
#25 C:\ApiGateway\vendor\laravel\lumen-framework\src\Concerns\RoutesRequests.php(171): Laravel\Lumen\Application->sendThroughPipeline(Array, Object(Closure))
#26 C:\ApiGateway\vendor\laravel\lumen-framework\src\Concerns\RoutesRequests.php(108): Laravel\Lumen\Application->dispatch(NULL)
#27 C:\ApiGateway\public\index.php(28): Laravel\Lumen\Application->run()
#28 {main} {"exception":"[object] (GuzzleHttp\\Exception\\RequestException(code: 0): Error creating resource: [message] fopen(/videos/1): failed to open stream: No such file or directory
[file] C:\\ApiGateway\\vendor\\guzzlehttp\\guzzle\\src\\Handler\\StreamHandler.php
[line] 323 at C:\\ApiGateway\\vendor\\guzzlehttp\\guzzle\\src\\Exception\\RequestException.php:52, RuntimeException(code: 0): Error creating resource: [message] fopen(/videos/1): failed to open stream: No such file or directory
[file] C:\\ApiGateway\\vendor\\guzzlehttp\\guzzle\\src\\Handler\\StreamHandler.php
[line] 323 at C:\\ApiGateway\\vendor\\guzzlehttp\\guzzle\\src\\Handler\\StreamHandler.php:252)
[stacktrace]
#0 C:\\ApiGateway\\vendor\\guzzlehttp\\guzzle\\src\\Handler\\StreamHandler.php(67): GuzzleHttp\\Exception\\RequestException::wrapException(Object(GuzzleHttp\\Psr7\\Request), Object(RuntimeException))
#1 C:\\ApiGateway\\vendor\\guzzlehttp\\guzzle\\src\\PrepareBodyMiddleware.php(37): GuzzleHttp\\Handler\\StreamHandler->__invoke(Object(GuzzleHttp\\Psr7\\Request), Array)
#2 C:\\ApiGateway\\vendor\\guzzlehttp\\guzzle\\src\\Middleware.php(29): GuzzleHttp\\PrepareBodyMiddleware->__invoke(Object(GuzzleHttp\\Psr7\\Request), Array)
#3 C:\\ApiGateway\\vendor\\guzzlehttp\\guzzle\\src\\RedirectMiddleware.php(70): GuzzleHttp\\Middleware::GuzzleHttp\\{closure}(Object(GuzzleHttp\\Psr7\\Request), Array)
#4 C:\\ApiGateway\\vendor\\guzzlehttp\\guzzle\\src\\Middleware.php(59): GuzzleHttp\\RedirectMiddleware->__invoke(Object(GuzzleHttp\\Psr7\\Request), Array)
#5 C:\\ApiGateway\\vendor\\guzzlehttp\\guzzle\\src\\HandlerStack.php(71): GuzzleHttp\\Middleware::GuzzleHttp\\{closure}(Object(GuzzleHttp\\Psr7\\Request), Array)
#6 C:\\ApiGateway\\vendor\\guzzlehttp\\guzzle\\src\\Client.php(361): GuzzleHttp\\HandlerStack->__invoke(Object(GuzzleHttp\\Psr7\\Request), Array)
#7 C:\\ApiGateway\\vendor\\guzzlehttp\\guzzle\\src\\Client.php(163): GuzzleHttp\\Client->transfer(Object(GuzzleHttp\\Psr7\\Request), Array)
#8 C:\\ApiGateway\\vendor\\guzzlehttp\\guzzle\\src\\Client.php(183): GuzzleHttp\\Client->requestAsync('GET', Object(GuzzleHttp\\Psr7\\Uri), Array)
#9 C:\\ApiGateway\\app\\Traits\\ConsumesExternalService.php(24): GuzzleHttp\\Client->request('GET', '/videos/1', Array)
#10 C:\\ApiGateway\\app\\Services\\VideoService.php(46): App\\Services\\VideoService->performRequest('GET', '/videos/1')
#11 C:\\ApiGateway\\app\\Http\\Controllers\\VideoController.php(58): App\\Services\\VideoService->obtainVideo('1')
#12 [internal function]: App\\Http\\Controllers\\VideoController->show('1')
#13 C:\\ApiGateway\\vendor\\illuminate\\container\\BoundMethod.php(29): call_user_func_array(Array, Array)
#14 C:\\ApiGateway\\vendor\\illuminate\\container\\BoundMethod.php(87): Illuminate\\Container\\BoundMethod::Illuminate\\Container\\{closure}()
#15 C:\\ApiGateway\\vendor\\illuminate\\container\\BoundMethod.php(31): Illuminate\\Container\\BoundMethod::callBoundMethod(Object(Laravel\\Lumen\\Application), Array, Object(Closure))
#16 C:\\ApiGateway\\vendor\\illuminate\\container\\Container.php(572): Illuminate\\Container\\BoundMethod::call(Object(Laravel\\Lumen\\Application), Array, Array, NULL)
#17 C:\\ApiGateway\\vendor\\laravel\\lumen-framework\\src\\Concerns\\RoutesRequests.php(378): Illuminate\\Container\\Container->call(Array, Array)
#18 C:\\ApiGateway\\vendor\\laravel\\lumen-framework\\src\\Concerns\\RoutesRequests.php(344): Laravel\\Lumen\\Application->callControllerCallable(Array, Array)
#19 C:\\ApiGateway\\vendor\\laravel\\lumen-framework\\src\\Concerns\\RoutesRequests.php(318): Laravel\\Lumen\\Application->callLumenController(Object(App\\Http\\Controllers\\VideoController), 'show', Array)
#20 C:\\ApiGateway\\vendor\\laravel\\lumen-framework\\src\\Concerns\\RoutesRequests.php(280): Laravel\\Lumen\\Application->callControllerAction(Array)
#21 C:\\ApiGateway\\vendor\\laravel\\lumen-framework\\src\\Concerns\\RoutesRequests.php(265): Laravel\\Lumen\\Application->callActionOnArrayBasedRoute(Array)
#22 C:\\ApiGateway\\vendor\\laravel\\lumen-framework\\src\\Concerns\\RoutesRequests.php(235): Laravel\\Lumen\\Application->handleFoundRoute(Array)
#23 C:\\ApiGateway\\vendor\\laravel\\lumen-framework\\src\\Concerns\\RoutesRequests.php(169): Laravel\\Lumen\\Application->handleDispatcherResponse(Array)
#24 C:\\ApiGateway\\vendor\\laravel\\lumen-framework\\src\\Concerns\\RoutesRequests.php(418): Laravel\\Lumen\\Application->Laravel\\Lumen\\Concerns\\{closure}(Object(Laravel\\Lumen\\Http\\Request))
#25 C:\\ApiGateway\\vendor\\laravel\\lumen-framework\\src\\Concerns\\RoutesRequests.php(171): Laravel\\Lumen\\Application->sendThroughPipeline(Array, Object(Closure))
#26 C:\\ApiGateway\\vendor\\laravel\\lumen-framework\\src\\Concerns\\RoutesRequests.php(108): Laravel\\Lumen\\Application->dispatch(NULL)
#27 C:\\ApiGateway\\public\\index.php(28): Laravel\\Lumen\\Application->run()
#28 {main}
"} 
[2020-01-07 19:39:25] local.ERROR: InvalidArgumentException: View [billing] not found. in C:\ApiGateway\vendor\illuminate\view\FileViewFinder.php:137
Stack trace:
#0 C:\ApiGateway\vendor\illuminate\view\FileViewFinder.php(79): Illuminate\View\FileViewFinder->findInPaths('billing', Array)
#1 C:\ApiGateway\vendor\illuminate\view\Factory.php(130): Illuminate\View\FileViewFinder->find('billing')
#2 C:\ApiGateway\vendor\laravel\lumen-framework\src\helpers.php(431): Illuminate\View\Factory->make('billing', Array, Array)
#3 C:\ApiGateway\routes\web.php(76): view('billing')
#4 [internal function]: Closure->{closure}()
#5 C:\ApiGateway\vendor\illuminate\container\BoundMethod.php(29): call_user_func_array(Object(Closure), Array)
#6 C:\ApiGateway\vendor\illuminate\container\BoundMethod.php(75): Illuminate\Container\BoundMethod::Illuminate\Container\{closure}()
#7 C:\ApiGateway\vendor\illuminate\container\BoundMethod.php(31): Illuminate\Container\BoundMethod::callBoundMethod(Object(Laravel\Lumen\Application), Object(Closure), Object(Closure))
#8 C:\ApiGateway\vendor\illuminate\container\Container.php(572): Illuminate\Container\BoundMethod::call(Object(Laravel\Lumen\Application), Object(Closure), Array, NULL)
#9 C:\ApiGateway\vendor\laravel\lumen-framework\src\Concerns\RoutesRequests.php(291): Illuminate\Container\Container->call(Object(Closure), Array)
#10 C:\ApiGateway\vendor\laravel\lumen-framework\src\Concerns\RoutesRequests.php(265): Laravel\Lumen\Application->callActionOnArrayBasedRoute(Array)
#11 C:\ApiGateway\vendor\laravel\lumen-framework\src\Concerns\RoutesRequests.php(165): Laravel\Lumen\Application->handleFoundRoute(Array)
#12 C:\ApiGateway\vendor\laravel\lumen-framework\src\Concerns\RoutesRequests.php(418): Laravel\Lumen\Application->Laravel\Lumen\Concerns\{closure}(Object(Laravel\Lumen\Http\Request))
#13 C:\ApiGateway\vendor\laravel\lumen-framework\src\Concerns\RoutesRequests.php(171): Laravel\Lumen\Application->sendThroughPipeline(Array, Object(Closure))
#14 C:\ApiGateway\vendor\laravel\lumen-framework\src\Concerns\RoutesRequests.php(108): Laravel\Lumen\Application->dispatch(NULL)
#15 C:\ApiGateway\public\index.php(28): Laravel\Lumen\Application->run()
#16 {main} {"exception":"[object] (InvalidArgumentException(code: 0): View [billing] not found. at C:\\ApiGateway\\vendor\\illuminate\\view\\FileViewFinder.php:137)
[stacktrace]
#0 C:\\ApiGateway\\vendor\\illuminate\\view\\FileViewFinder.php(79): Illuminate\\View\\FileViewFinder->findInPaths('billing', Array)
#1 C:\\ApiGateway\\vendor\\illuminate\\view\\Factory.php(130): Illuminate\\View\\FileViewFinder->find('billing')
#2 C:\\ApiGateway\\vendor\\laravel\\lumen-framework\\src\\helpers.php(431): Illuminate\\View\\Factory->make('billing', Array, Array)
#3 C:\\ApiGateway\outes\\web.php(76): view('billing')
#4 [internal function]: Closure->{closure}()
#5 C:\\ApiGateway\\vendor\\illuminate\\container\\BoundMethod.php(29): call_user_func_array(Object(Closure), Array)
#6 C:\\ApiGateway\\vendor\\illuminate\\container\\BoundMethod.php(75): Illuminate\\Container\\BoundMethod::Illuminate\\Container\\{closure}()
#7 C:\\ApiGateway\\vendor\\illuminate\\container\\BoundMethod.php(31): Illuminate\\Container\\BoundMethod::callBoundMethod(Object(Laravel\\Lumen\\Application), Object(Closure), Object(Closure))
#8 C:\\ApiGateway\\vendor\\illuminate\\container\\Container.php(572): Illuminate\\Container\\BoundMethod::call(Object(Laravel\\Lumen\\Application), Object(Closure), Array, NULL)
#9 C:\\ApiGateway\\vendor\\laravel\\lumen-framework\\src\\Concerns\\RoutesRequests.php(291): Illuminate\\Container\\Container->call(Object(Closure), Array)
#10 C:\\ApiGateway\\vendor\\laravel\\lumen-framework\\src\\Concerns\\RoutesRequests.php(265): Laravel\\Lumen\\Application->callActionOnArrayBasedRoute(Array)
#11 C:\\ApiGateway\\vendor\\laravel\\lumen-framework\\src\\Concerns\\RoutesRequests.php(165): Laravel\\Lumen\\Application->handleFoundRoute(Array)
#12 C:\\ApiGateway\\vendor\\laravel\\lumen-framework\\src\\Concerns\\RoutesRequests.php(418): Laravel\\Lumen\\Application->Laravel\\Lumen\\Concerns\\{closure}(Object(Laravel\\Lumen\\Http\\Request))
#13 C:\\ApiGateway\\vendor\\laravel\\lumen-framework\\src\\Concerns\\RoutesRequests.php(171): Laravel\\Lumen\\Application->sendThroughPipeline(Array, Object(Closure))
#14 C:\\ApiGateway\\vendor\\laravel\\lumen-framework\\src\\Concerns\\RoutesRequests.php(108): Laravel\\Lumen\\Application->dispatch(NULL)
#15 C:\\ApiGateway\\public\\index.php(28): Laravel\\Lumen\\Application->run()
#16 {main}
"} 
